which: no hadoop in (/opt/gnu/gcc/bin:/opt/gnu/bin:/opt/mvapich2/intel/ib/bin:/opt/intel/composer_xe_2013_sp1.2.144/bin/intel64:/opt/intel/composer_xe_2013_sp1.2.144/mpirt/bin/intel64:/opt/intel/composer_xe_2013_sp1.2.144/debugger/gdb/intel64_mic/bin:/usr/lib64/qt-3.3/bin:/usr/local/bin:/bin:/usr/bin:/usr/local/sbin:/usr/sbin:/sbin:/opt/sdsc/bin:/opt/sdsc/sbin:/opt/ibutils/bin:/usr/java/latest/bin:/opt/pdsh/bin:/opt/rocks/bin:/opt/rocks/sbin:/home/mxh6295/bin)
19/10/29 21:33:58 INFO pig.ExecTypeProvider: Trying ExecType : LOCAL
19/10/29 21:33:58 INFO pig.ExecTypeProvider: Picked LOCAL as the ExecType
2019-10-29 21:33:58,185 [main] INFO  org.apache.pig.Main - Apache Pig version 0.16.0 (r1746530) compiled Jun 01 2016, 23:09:59
2019-10-29 21:33:58,185 [main] INFO  org.apache.pig.Main - Logging error messages to: /home/mxh6295/project6/pig_1572410038183.log
2019-10-29 21:33:58,386 [main] INFO  org.apache.pig.impl.util.Utils - Default bootup file /home/mxh6295/.pigbootup not found
2019-10-29 21:33:58,609 [main] INFO  org.apache.pig.backend.hadoop.executionengine.HExecutionEngine - Connecting to hadoop file system at: file:///
2019-10-29 21:33:58,654 [main] INFO  org.apache.pig.PigServer - Pig Script ID for the session: 
2019-10-29 21:33:58,654 [main] WARN  org.apache.pig.PigServer - ATS is disabled since yarn.timeline-service.enabled set to false
2019-10-29 21:33:59,367 [main] INFO  org.apache.pig.tools.pigstats.ScriptState - Pig features used in the script: GROUP_BY,ORDER_BY
2019-10-29 21:33:59,406 [main] INFO  org.apache.pig.newplan.logical.optimizer.LogicalPlanOptimizer - {RULES_ENABLED=[AddForEach, ColumnMapKeyPrune, ConstantCalculator, GroupByConstParallelSetter, LimitOptimizer, LoadTypeCastInserter, MergeFilter, MergeForEach, PartitionFilterOptimizer, PredicatePushdownOptimizer, PushDownForEachFlatten, PushUpFilter, SplitFilter, StreamTypeCastInserter]}
2019-10-29 21:33:59,447 [main] INFO  org.apache.pig.impl.util.SpillableMemoryManager - Selected heap (PS Old Gen) of size 699400192 to monitor. collectionUsageThreshold = 489580128, usageThreshold = 489580128
2019-10-29 21:33:59,486 [main] INFO  org.apache.pig.backend.hadoop.executionengine.mapReduceLayer.MRCompiler - File concatenation threshold: 100 optimistic? false
2019-10-29 21:33:59,499 [main] WARN  org.apache.hadoop.util.NativeCodeLoader - Unable to load native-hadoop library for your platform... using builtin-java classes where applicable
2019-10-29 21:33:59,510 [main] INFO  org.apache.pig.backend.hadoop.executionengine.util.CombinerOptimizerUtil - Choosing to move algebraic foreach to combiner
2019-10-29 21:33:59,522 [main] INFO  org.apache.pig.backend.hadoop.executionengine.mapReduceLayer.SecondaryKeyOptimizerMR - Using Secondary Key Optimization for MapReduce node scope-24
2019-10-29 21:33:59,529 [main] INFO  org.apache.pig.backend.hadoop.executionengine.mapReduceLayer.MultiQueryOptimizer - MR plan size before optimization: 3
2019-10-29 21:33:59,529 [main] INFO  org.apache.pig.backend.hadoop.executionengine.mapReduceLayer.MultiQueryOptimizer - MR plan size after optimization: 3
2019-10-29 21:33:59,575 [main] INFO  org.apache.pig.tools.pigstats.mapreduce.MRScriptState - Pig script settings are added to the job
2019-10-29 21:33:59,590 [main] INFO  org.apache.pig.backend.hadoop.executionengine.mapReduceLayer.JobControlCompiler - mapred.job.reduce.markreset.buffer.percent is not set, set to default 0.3
2019-10-29 21:33:59,593 [main] INFO  org.apache.pig.backend.hadoop.executionengine.mapReduceLayer.JobControlCompiler - Reduce phase detected, estimating # of required reducers.
2019-10-29 21:33:59,593 [main] INFO  org.apache.pig.backend.hadoop.executionengine.mapReduceLayer.JobControlCompiler - Using reducer estimator: org.apache.pig.backend.hadoop.executionengine.mapReduceLayer.InputSizeReducerEstimator
2019-10-29 21:33:59,600 [main] INFO  org.apache.pig.backend.hadoop.executionengine.mapReduceLayer.InputSizeReducerEstimator - BytesPerReducer=1000000000 maxReducers=999 totalInputFileSize=165
2019-10-29 21:33:59,601 [main] INFO  org.apache.pig.backend.hadoop.executionengine.mapReduceLayer.JobControlCompiler - Setting Parallelism to 1
2019-10-29 21:33:59,612 [main] INFO  org.apache.pig.backend.hadoop.executionengine.mapReduceLayer.JobControlCompiler - Setting up single store job
2019-10-29 21:33:59,621 [main] INFO  org.apache.pig.data.SchemaTupleFrontend - Key [pig.schematuple] is false, will not generate code.
2019-10-29 21:33:59,622 [main] INFO  org.apache.pig.data.SchemaTupleFrontend - Starting process to move generated code to distributed cacche
2019-10-29 21:33:59,622 [main] INFO  org.apache.pig.data.SchemaTupleFrontend - Distributed cache not supported or needed in local mode. Setting key [pig.schematuple.local.dir] with code temp directory: /tmp/1572410039621-0
2019-10-29 21:33:59,758 [main] INFO  org.apache.pig.backend.hadoop.executionengine.mapReduceLayer.MapReduceLauncher - 1 map-reduce job(s) waiting for submission.
2019-10-29 21:33:59,783 [JobControl] WARN  org.apache.hadoop.mapred.JobClient - No job jar file set.  User classes may not be found. See JobConf(Class) or JobConf#setJar(String).
2019-10-29 21:33:59,806 [JobControl] INFO  org.apache.pig.builtin.PigStorage - Using PigTextInputFormat
2019-10-29 21:33:59,808 [JobControl] INFO  org.apache.hadoop.mapreduce.lib.input.FileInputFormat - Total input paths to process : 1
2019-10-29 21:33:59,808 [JobControl] INFO  org.apache.pig.backend.hadoop.executionengine.util.MapRedUtil - Total input paths to process : 1
2019-10-29 21:33:59,815 [JobControl] WARN  org.apache.hadoop.io.compress.snappy.LoadSnappy - Snappy native library is available
2019-10-29 21:33:59,815 [JobControl] WARN  org.apache.hadoop.io.compress.snappy.LoadSnappy - Snappy native library not loaded
2019-10-29 21:33:59,824 [JobControl] INFO  org.apache.pig.backend.hadoop.executionengine.util.MapRedUtil - Total input paths (combined) to process : 1
2019-10-29 21:34:00,259 [main] INFO  org.apache.pig.backend.hadoop.executionengine.mapReduceLayer.MapReduceLauncher - HadoopJobId: job_local_0001
2019-10-29 21:34:00,259 [main] INFO  org.apache.pig.backend.hadoop.executionengine.mapReduceLayer.MapReduceLauncher - Processing aliases by_id,count,data
2019-10-29 21:34:00,259 [main] INFO  org.apache.pig.backend.hadoop.executionengine.mapReduceLayer.MapReduceLauncher - detailed locations: M: data[1,7],data[-1,-1],count[3,8],by_id[2,8] C: count[3,8],by_id[2,8] R: count[3,8]
2019-10-29 21:34:00,268 [main] INFO  org.apache.pig.backend.hadoop.executionengine.mapReduceLayer.MapReduceLauncher - 0% complete
2019-10-29 21:34:00,268 [main] INFO  org.apache.pig.backend.hadoop.executionengine.mapReduceLayer.MapReduceLauncher - Running jobs are [job_local_0001]
2019-10-29 21:34:00,353 [Thread-3] INFO  org.apache.hadoop.util.ProcessTree - setsid exited with exit code 0
2019-10-29 21:34:00,371 [Thread-3] INFO  org.apache.hadoop.mapred.Task -  Using ResourceCalculatorPlugin : org.apache.hadoop.util.LinuxResourceCalculatorPlugin@3a7899fa
2019-10-29 21:34:00,383 [Thread-3] INFO  org.apache.pig.builtin.PigStorage - Using PigTextInputFormat
2019-10-29 21:34:00,384 [Thread-3] INFO  org.apache.pig.backend.hadoop.executionengine.mapReduceLayer.PigRecordReader - Current split being processed file:/home/mxh6295/project6/small-graph.txt:0+165
2019-10-29 21:34:00,389 [Thread-3] INFO  org.apache.hadoop.mapred.MapTask - io.sort.mb = 100
2019-10-29 21:34:00,414 [Thread-3] INFO  org.apache.hadoop.mapred.MapTask - data buffer = 79691776/99614720
2019-10-29 21:34:00,414 [Thread-3] INFO  org.apache.hadoop.mapred.MapTask - record buffer = 262144/327680
2019-10-29 21:34:00,422 [Thread-3] INFO  org.apache.pig.impl.util.SpillableMemoryManager - Selected heap (PS Old Gen) of size 699400192 to monitor. collectionUsageThreshold = 489580128, usageThreshold = 489580128
2019-10-29 21:34:00,423 [Thread-3] INFO  org.apache.pig.data.SchemaTupleBackend - Key [pig.schematuple] was not set... will not generate code.
2019-10-29 21:34:00,453 [Thread-3] INFO  org.apache.pig.backend.hadoop.executionengine.mapReduceLayer.PigGenericMapReduce$Map - Aliases being processed per job phase (AliasName[line,offset]): M: data[1,7],data[-1,-1],count[3,8],by_id[2,8] C: count[3,8],by_id[2,8] R: count[3,8]
2019-10-29 21:34:00,474 [Thread-3] INFO  org.apache.hadoop.mapred.MapTask - Starting flush of map output
2019-10-29 21:34:00,513 [Thread-3] INFO  org.apache.pig.backend.hadoop.executionengine.mapReduceLayer.PigCombiner$Combine - Aliases being processed per job phase (AliasName[line,offset]): M: data[1,7],data[-1,-1],count[3,8],by_id[2,8] C: count[3,8],by_id[2,8] R: count[3,8]
2019-10-29 21:34:00,528 [Thread-3] INFO  org.apache.hadoop.mapred.MapTask - Finished spill 0
2019-10-29 21:34:00,539 [Thread-3] INFO  org.apache.hadoop.mapred.Task - Task:attempt_local_0001_m_000000_0 is done. And is in the process of commiting
2019-10-29 21:34:03,200 [Thread-3] INFO  org.apache.hadoop.mapred.LocalJobRunner - 
2019-10-29 21:34:03,201 [Thread-3] INFO  org.apache.hadoop.mapred.Task - Task 'attempt_local_0001_m_000000_0' done.
2019-10-29 21:34:03,209 [Thread-3] INFO  org.apache.hadoop.mapred.Task -  Using ResourceCalculatorPlugin : org.apache.hadoop.util.LinuxResourceCalculatorPlugin@33d34948
2019-10-29 21:34:03,209 [Thread-3] INFO  org.apache.hadoop.mapred.LocalJobRunner - 
2019-10-29 21:34:03,212 [Thread-3] INFO  org.apache.hadoop.mapred.Merger - Merging 1 sorted segments
2019-10-29 21:34:03,216 [Thread-3] INFO  org.apache.hadoop.mapred.Merger - Down to the last merge-pass, with 1 segments left of total size: 114 bytes
2019-10-29 21:34:03,216 [Thread-3] INFO  org.apache.hadoop.mapred.LocalJobRunner - 
2019-10-29 21:34:03,229 [Thread-3] INFO  org.apache.pig.impl.util.SpillableMemoryManager - Selected heap (PS Old Gen) of size 699400192 to monitor. collectionUsageThreshold = 489580128, usageThreshold = 489580128
2019-10-29 21:34:03,230 [Thread-3] WARN  org.apache.pig.data.SchemaTupleBackend - SchemaTupleBackend has already been initialized
2019-10-29 21:34:03,262 [Thread-3] INFO  org.apache.pig.backend.hadoop.executionengine.mapReduceLayer.PigMapReduce$Reduce - Aliases being processed per job phase (AliasName[line,offset]): M: data[1,7],data[-1,-1],count[3,8],by_id[2,8] C: count[3,8],by_id[2,8] R: count[3,8]
2019-10-29 21:34:03,266 [Thread-3] INFO  org.apache.hadoop.mapred.Task - Task:attempt_local_0001_r_000000_0 is done. And is in the process of commiting
2019-10-29 21:34:03,278 [main] INFO  org.apache.pig.backend.hadoop.executionengine.mapReduceLayer.MapReduceLauncher - 16% complete
2019-10-29 21:34:03,278 [main] INFO  org.apache.pig.backend.hadoop.executionengine.mapReduceLayer.MapReduceLauncher - Running jobs are [job_local_0001]
2019-10-29 21:34:03,278 [Thread-3] INFO  org.apache.hadoop.mapred.LocalJobRunner - 
2019-10-29 21:34:03,279 [Thread-3] INFO  org.apache.hadoop.mapred.Task - Task attempt_local_0001_r_000000_0 is allowed to commit now
2019-10-29 21:34:03,297 [Thread-3] INFO  org.apache.hadoop.mapreduce.lib.output.FileOutputCommitter - Saved output of task 'attempt_local_0001_r_000000_0' to file:/tmp/temp-1223782865/tmp1472241779
2019-10-29 21:34:06,219 [Thread-3] INFO  org.apache.hadoop.mapred.LocalJobRunner - reduce > reduce
2019-10-29 21:34:06,220 [Thread-3] INFO  org.apache.hadoop.mapred.Task - Task 'attempt_local_0001_r_000000_0' done.
2019-10-29 21:34:06,279 [main] INFO  org.apache.pig.backend.hadoop.executionengine.mapReduceLayer.MapReduceLauncher - 33% complete
2019-10-29 21:34:06,286 [main] INFO  org.apache.pig.tools.pigstats.mapreduce.MRScriptState - Pig script settings are added to the job
2019-10-29 21:34:06,287 [main] INFO  org.apache.pig.backend.hadoop.executionengine.mapReduceLayer.JobControlCompiler - mapred.job.reduce.markreset.buffer.percent is not set, set to default 0.3
2019-10-29 21:34:06,287 [main] INFO  org.apache.pig.backend.hadoop.executionengine.mapReduceLayer.JobControlCompiler - Reduce phase detected, estimating # of required reducers.
2019-10-29 21:34:06,287 [main] INFO  org.apache.pig.backend.hadoop.executionengine.mapReduceLayer.JobControlCompiler - Using reducer estimator: org.apache.pig.backend.hadoop.executionengine.mapReduceLayer.InputSizeReducerEstimator
2019-10-29 21:34:06,288 [main] INFO  org.apache.pig.backend.hadoop.executionengine.mapReduceLayer.InputSizeReducerEstimator - BytesPerReducer=1000000000 maxReducers=999 totalInputFileSize=64
2019-10-29 21:34:06,288 [main] INFO  org.apache.pig.backend.hadoop.executionengine.mapReduceLayer.JobControlCompiler - Setting Parallelism to 1
2019-10-29 21:34:06,289 [main] INFO  org.apache.pig.backend.hadoop.executionengine.mapReduceLayer.JobControlCompiler - Setting up single store job
2019-10-29 21:34:06,350 [main] INFO  org.apache.pig.backend.hadoop.executionengine.mapReduceLayer.MapReduceLauncher - 1 map-reduce job(s) waiting for submission.
2019-10-29 21:34:06,354 [JobControl] WARN  org.apache.hadoop.mapred.JobClient - No job jar file set.  User classes may not be found. See JobConf(Class) or JobConf#setJar(String).
2019-10-29 21:34:06,360 [JobControl] INFO  org.apache.hadoop.mapreduce.lib.input.FileInputFormat - Total input paths to process : 1
2019-10-29 21:34:06,360 [JobControl] INFO  org.apache.pig.backend.hadoop.executionengine.util.MapRedUtil - Total input paths to process : 1
2019-10-29 21:34:06,361 [JobControl] INFO  org.apache.pig.backend.hadoop.executionengine.util.MapRedUtil - Total input paths (combined) to process : 1
2019-10-29 21:34:06,469 [Thread-9] INFO  org.apache.hadoop.mapred.Task -  Using ResourceCalculatorPlugin : org.apache.hadoop.util.LinuxResourceCalculatorPlugin@6cefb93b
2019-10-29 21:34:06,482 [Thread-9] INFO  org.apache.pig.backend.hadoop.executionengine.mapReduceLayer.PigRecordReader - Current split being processed file:/tmp/temp-1223782865/tmp1472241779/part-r-00000:0+64
2019-10-29 21:34:06,483 [Thread-9] INFO  org.apache.hadoop.mapred.MapTask - io.sort.mb = 100
2019-10-29 21:34:06,640 [Thread-9] INFO  org.apache.hadoop.mapred.MapTask - data buffer = 79691776/99614720
2019-10-29 21:34:06,640 [Thread-9] INFO  org.apache.hadoop.mapred.MapTask - record buffer = 262144/327680
2019-10-29 21:34:06,664 [Thread-9] INFO  org.apache.pig.impl.util.SpillableMemoryManager - Selected heap (PS Old Gen) of size 699400192 to monitor. collectionUsageThreshold = 489580128, usageThreshold = 489580128
2019-10-29 21:34:06,664 [Thread-9] WARN  org.apache.pig.data.SchemaTupleBackend - SchemaTupleBackend has already been initialized
2019-10-29 21:34:06,666 [Thread-9] INFO  org.apache.pig.backend.hadoop.executionengine.mapReduceLayer.PigGenericMapReduce$Map - Aliases being processed per job phase (AliasName[line,offset]): M: order_by[4,11] C:  R: 
2019-10-29 21:34:06,673 [Thread-9] INFO  org.apache.hadoop.mapred.MapTask - Starting flush of map output
2019-10-29 21:34:06,674 [Thread-9] INFO  org.apache.hadoop.mapred.MapTask - Finished spill 0
2019-10-29 21:34:06,684 [Thread-9] INFO  org.apache.hadoop.mapred.Task - Task:attempt_local_0002_m_000000_0 is done. And is in the process of commiting
2019-10-29 21:34:06,852 [main] INFO  org.apache.pig.backend.hadoop.executionengine.mapReduceLayer.MapReduceLauncher - HadoopJobId: job_local_0002
2019-10-29 21:34:06,852 [main] INFO  org.apache.pig.backend.hadoop.executionengine.mapReduceLayer.MapReduceLauncher - Processing aliases order_by
2019-10-29 21:34:06,852 [main] INFO  org.apache.pig.backend.hadoop.executionengine.mapReduceLayer.MapReduceLauncher - detailed locations: M: order_by[4,11] C:  R: 
2019-10-29 21:34:09,580 [Thread-9] INFO  org.apache.hadoop.mapred.LocalJobRunner - 
2019-10-29 21:34:09,580 [Thread-9] INFO  org.apache.hadoop.mapred.Task - Task 'attempt_local_0002_m_000000_0' done.
2019-10-29 21:34:09,584 [Thread-9] INFO  org.apache.hadoop.mapred.Task -  Using ResourceCalculatorPlugin : org.apache.hadoop.util.LinuxResourceCalculatorPlugin@603ac86c
2019-10-29 21:34:09,584 [Thread-9] INFO  org.apache.hadoop.mapred.LocalJobRunner - 
2019-10-29 21:34:09,584 [Thread-9] INFO  org.apache.hadoop.mapred.Merger - Merging 1 sorted segments
2019-10-29 21:34:09,591 [Thread-9] INFO  org.apache.hadoop.mapred.Merger - Down to the last merge-pass, with 1 segments left of total size: 146 bytes
2019-10-29 21:34:09,591 [Thread-9] INFO  org.apache.hadoop.mapred.LocalJobRunner - 
2019-10-29 21:34:09,602 [Thread-9] INFO  org.apache.pig.impl.util.SpillableMemoryManager - Selected heap (PS Old Gen) of size 699400192 to monitor. collectionUsageThreshold = 489580128, usageThreshold = 489580128
2019-10-29 21:34:09,602 [Thread-9] WARN  org.apache.pig.data.SchemaTupleBackend - SchemaTupleBackend has already been initialized
2019-10-29 21:34:09,605 [Thread-9] INFO  org.apache.pig.backend.hadoop.executionengine.mapReduceLayer.PigMapReduce$Reduce - Aliases being processed per job phase (AliasName[line,offset]): M: order_by[4,11] C:  R: 
2019-10-29 21:34:09,611 [Thread-9] INFO  org.apache.hadoop.mapred.Task - Task:attempt_local_0002_r_000000_0 is done. And is in the process of commiting
2019-10-29 21:34:09,612 [Thread-9] INFO  org.apache.hadoop.mapred.LocalJobRunner - 
2019-10-29 21:34:09,613 [Thread-9] INFO  org.apache.hadoop.mapred.Task - Task attempt_local_0002_r_000000_0 is allowed to commit now
2019-10-29 21:34:09,614 [Thread-9] INFO  org.apache.hadoop.mapreduce.lib.output.FileOutputCommitter - Saved output of task 'attempt_local_0002_r_000000_0' to file:/tmp/temp-1223782865/tmp-688588847
2019-10-29 21:34:09,858 [main] INFO  org.apache.pig.backend.hadoop.executionengine.mapReduceLayer.MapReduceLauncher - 50% complete
2019-10-29 21:34:09,858 [main] INFO  org.apache.pig.backend.hadoop.executionengine.mapReduceLayer.MapReduceLauncher - Running jobs are [job_local_0002]
2019-10-29 21:34:12,613 [communication thread] INFO  org.apache.hadoop.mapred.LocalJobRunner - reduce > reduce
2019-10-29 21:34:12,615 [Thread-9] INFO  org.apache.hadoop.mapred.LocalJobRunner - reduce > reduce
2019-10-29 21:34:12,616 [Thread-9] INFO  org.apache.hadoop.mapred.Task - Task 'attempt_local_0002_r_000000_0' done.
2019-10-29 21:34:12,859 [main] INFO  org.apache.pig.backend.hadoop.executionengine.mapReduceLayer.MapReduceLauncher - 66% complete
2019-10-29 21:34:12,860 [main] INFO  org.apache.pig.tools.pigstats.mapreduce.MRScriptState - Pig script settings are added to the job
2019-10-29 21:34:12,861 [main] INFO  org.apache.pig.backend.hadoop.executionengine.mapReduceLayer.JobControlCompiler - mapred.job.reduce.markreset.buffer.percent is not set, set to default 0.3
2019-10-29 21:34:12,861 [main] INFO  org.apache.pig.backend.hadoop.executionengine.mapReduceLayer.JobControlCompiler - Reduce phase detected, estimating # of required reducers.
2019-10-29 21:34:12,861 [main] INFO  org.apache.pig.backend.hadoop.executionengine.mapReduceLayer.JobControlCompiler - Setting Parallelism to 1
2019-10-29 21:34:12,862 [main] INFO  org.apache.pig.backend.hadoop.executionengine.mapReduceLayer.JobControlCompiler - Setting up single store job
2019-10-29 21:34:12,869 [main] INFO  org.apache.pig.backend.hadoop.executionengine.mapReduceLayer.MapReduceLauncher - 1 map-reduce job(s) waiting for submission.
2019-10-29 21:34:12,877 [JobControl] WARN  org.apache.hadoop.mapred.JobClient - No job jar file set.  User classes may not be found. See JobConf(Class) or JobConf#setJar(String).
2019-10-29 21:34:12,881 [JobControl] INFO  org.apache.hadoop.mapreduce.lib.input.FileInputFormat - Total input paths to process : 1
2019-10-29 21:34:12,882 [JobControl] INFO  org.apache.pig.backend.hadoop.executionengine.util.MapRedUtil - Total input paths to process : 1
2019-10-29 21:34:12,882 [JobControl] INFO  org.apache.pig.backend.hadoop.executionengine.util.MapRedUtil - Total input paths (combined) to process : 1
2019-10-29 21:34:12,926 [Thread-12] INFO  org.apache.hadoop.mapred.Task -  Using ResourceCalculatorPlugin : org.apache.hadoop.util.LinuxResourceCalculatorPlugin@f5400a
2019-10-29 21:34:12,927 [Thread-12] INFO  org.apache.pig.backend.hadoop.executionengine.mapReduceLayer.PigRecordReader - Current split being processed file:/tmp/temp-1223782865/tmp1472241779/part-r-00000:0+64
2019-10-29 21:34:12,927 [Thread-12] INFO  org.apache.hadoop.mapred.MapTask - io.sort.mb = 100
2019-10-29 21:34:12,942 [Thread-12] INFO  org.apache.hadoop.mapred.MapTask - data buffer = 79691776/99614720
2019-10-29 21:34:12,942 [Thread-12] INFO  org.apache.hadoop.mapred.MapTask - record buffer = 262144/327680
2019-10-29 21:34:12,945 [Thread-12] INFO  org.apache.pig.impl.util.SpillableMemoryManager - Selected heap (PS Old Gen) of size 699400192 to monitor. collectionUsageThreshold = 489580128, usageThreshold = 489580128
2019-10-29 21:34:12,945 [Thread-12] WARN  org.apache.pig.data.SchemaTupleBackend - SchemaTupleBackend has already been initialized
2019-10-29 21:34:12,946 [Thread-12] INFO  org.apache.pig.backend.hadoop.executionengine.mapReduceLayer.PigGenericMapReduce$Map - Aliases being processed per job phase (AliasName[line,offset]): M: order_by[4,11] C:  R: 
2019-10-29 21:34:12,946 [Thread-12] WARN  org.apache.pig.data.SchemaTupleBackend - SchemaTupleBackend has already been initialized
2019-10-29 21:34:12,947 [Thread-12] INFO  org.apache.hadoop.mapreduce.lib.input.FileInputFormat - Total input paths to process : 1
2019-10-29 21:34:12,947 [Thread-12] INFO  org.apache.pig.backend.hadoop.executionengine.util.MapRedUtil - Total input paths to process : 1
2019-10-29 21:34:12,948 [Thread-12] INFO  org.apache.hadoop.mapred.MapTask - Starting flush of map output
2019-10-29 21:34:12,949 [Thread-12] INFO  org.apache.hadoop.mapred.MapTask - Finished spill 0
2019-10-29 21:34:12,958 [Thread-12] INFO  org.apache.hadoop.mapred.Task - Task:attempt_local_0003_m_000000_0 is done. And is in the process of commiting
2019-10-29 21:34:13,375 [main] INFO  org.apache.pig.backend.hadoop.executionengine.mapReduceLayer.MapReduceLauncher - HadoopJobId: job_local_0003
2019-10-29 21:34:13,375 [main] INFO  org.apache.pig.backend.hadoop.executionengine.mapReduceLayer.MapReduceLauncher - Processing aliases order_by
2019-10-29 21:34:13,375 [main] INFO  org.apache.pig.backend.hadoop.executionengine.mapReduceLayer.MapReduceLauncher - detailed locations: M: order_by[4,11] C:  R: 
2019-10-29 21:34:15,943 [Thread-12] INFO  org.apache.hadoop.mapred.LocalJobRunner - 
2019-10-29 21:34:15,943 [Thread-12] INFO  org.apache.hadoop.mapred.Task - Task 'attempt_local_0003_m_000000_0' done.
2019-10-29 21:34:15,948 [Thread-12] INFO  org.apache.hadoop.mapred.Task -  Using ResourceCalculatorPlugin : org.apache.hadoop.util.LinuxResourceCalculatorPlugin@72ed40c0
2019-10-29 21:34:15,948 [Thread-12] INFO  org.apache.hadoop.mapred.LocalJobRunner - 
2019-10-29 21:34:15,948 [Thread-12] INFO  org.apache.hadoop.mapred.Merger - Merging 1 sorted segments
2019-10-29 21:34:15,949 [Thread-12] INFO  org.apache.hadoop.mapred.Merger - Down to the last merge-pass, with 1 segments left of total size: 138 bytes
2019-10-29 21:34:15,949 [Thread-12] INFO  org.apache.hadoop.mapred.LocalJobRunner - 
2019-10-29 21:34:15,964 [Thread-12] INFO  org.apache.pig.impl.util.SpillableMemoryManager - Selected heap (PS Old Gen) of size 699400192 to monitor. collectionUsageThreshold = 489580128, usageThreshold = 489580128
2019-10-29 21:34:15,964 [Thread-12] WARN  org.apache.pig.data.SchemaTupleBackend - SchemaTupleBackend has already been initialized
2019-10-29 21:34:15,965 [Thread-12] INFO  org.apache.pig.backend.hadoop.executionengine.mapReduceLayer.PigMapReduce$Reduce - Aliases being processed per job phase (AliasName[line,offset]): M: order_by[4,11] C:  R: 
2019-10-29 21:34:15,973 [Thread-12] INFO  org.apache.hadoop.mapred.Task - Task:attempt_local_0003_r_000000_0 is done. And is in the process of commiting
2019-10-29 21:34:15,973 [Thread-12] INFO  org.apache.hadoop.mapred.LocalJobRunner - 
2019-10-29 21:34:15,973 [Thread-12] INFO  org.apache.hadoop.mapred.Task - Task attempt_local_0003_r_000000_0 is allowed to commit now
2019-10-29 21:34:15,978 [Thread-12] INFO  org.apache.hadoop.mapreduce.lib.output.FileOutputCommitter - Saved output of task 'attempt_local_0003_r_000000_0' to file:/home/mxh6295/project6/output
2019-10-29 21:34:16,377 [main] INFO  org.apache.pig.backend.hadoop.executionengine.mapReduceLayer.MapReduceLauncher - 83% complete
2019-10-29 21:34:16,378 [main] INFO  org.apache.pig.backend.hadoop.executionengine.mapReduceLayer.MapReduceLauncher - Running jobs are [job_local_0003]
2019-10-29 21:34:18,957 [Thread-12] INFO  org.apache.hadoop.mapred.LocalJobRunner - reduce > reduce
2019-10-29 21:34:18,959 [Thread-12] INFO  org.apache.hadoop.mapred.Task - Task 'attempt_local_0003_r_000000_0' done.
2019-10-29 21:34:19,381 [main] INFO  org.apache.pig.backend.hadoop.executionengine.mapReduceLayer.MapReduceLauncher - 100% complete
2019-10-29 21:34:19,383 [main] INFO  org.apache.pig.tools.pigstats.mapreduce.SimplePigStats - Script Statistics: 

HadoopVersion	PigVersion	UserId	StartedAt	FinishedAt	Features
1.0.4	0.16.0	mxh6295	2019-10-29 21:33:59	2019-10-29 21:34:19	GROUP_BY,ORDER_BY

Success!

Job Stats (time in seconds):
JobId	Maps	Reduces	MaxMapTime	MinMapTime	AvgMapTime	MedianMapTime	MaxReduceTime	MinReduceTime	AvgReduceTime	MedianReducetime	Alias	Feature	Outputs
job_local_0001	1	1	n/a	n/a	n/a	n/a	n/a	n/a	n/a	n/a	by_id,count,data	GROUP_BY,COMBINER	
job_local_0002	1	1	n/a	n/a	n/a	n/a	n/a	n/a	n/a	n/a	order_by	SAMPLER	
job_local_0003	1	1	n/a	n/a	n/a	n/a	n/a	n/a	n/a	n/a	order_by	ORDER_BY	file:///home/mxh6295/project6/output,

Input(s):
Successfully read 31 records from: "file:///home/mxh6295/project6/small-graph.txt"

Output(s):
Successfully stored 8 records in: "file:///home/mxh6295/project6/output"

Counters:
Total records written : 8
Total bytes written : 0
Spillable Memory Manager spill count : 0
Total bags proactively spilled: 0
Total records proactively spilled: 0

Job DAG:
job_local_0001	->	job_local_0002,
job_local_0002	->	job_local_0003,
job_local_0003


2019-10-29 21:34:19,385 [main] INFO  org.apache.pig.backend.hadoop.executionengine.mapReduceLayer.MapReduceLauncher - Success!
2019-10-29 21:34:19,413 [main] INFO  org.apache.pig.Main - Pig script completed in 21 seconds and 519 milliseconds (21519 ms)
