myHadoop: Setting MH_IPOIB_TRANSFORM='s/\([^.]*\).*$/\1.ibnet/' from myhadoop.conf
myHadoop: Setting MH_SCRATCH_DIR=/scratch/$USER/$SLURM_JOBID from myhadoop.conf
myHadoop: Using HADOOP_HOME=/opt/hadoop/2.6.0
myHadoop: Using MH_SCRATCH_DIR=/scratch/mxh6295/27672349
myHadoop: Using JAVA_HOME=/usr/java/latest
myHadoop: Generating Hadoop configuration in directory in /home/mxh6295/cometcluster...
myHadoop: Backing up old config dir to /home/mxh6295/cometcluster.6...
`/home/mxh6295/cometcluster' -> `/home/mxh6295/cometcluster.6'
myHadoop: Designating comet-18-35.ibnet as master node (namenode, secondary namenode, and jobtracker)
myHadoop: The following nodes will be slaves (datanode, tasktracer):
comet-18-35.ibnet
comet-18-36.ibnet
comet-18-50.ibnet
19/10/28 20:49:01 INFO namenode.NameNode: STARTUP_MSG: 
/************************************************************
STARTUP_MSG: Starting NameNode
STARTUP_MSG:   host = comet-18-35.sdsc.edu/198.202.117.55
STARTUP_MSG:   args = [-format]
STARTUP_MSG:   version = 2.6.0
STARTUP_MSG:   classpath = /home/mxh6295/cometcluster:/opt/hadoop/2.6.0/share/hadoop/common/lib/jets3t-0.9.0.jar:/opt/hadoop/2.6.0/share/hadoop/common/lib/commons-configuration-1.6.jar:/opt/hadoop/2.6.0/share/hadoop/common/lib/servlet-api-2.5.jar:/opt/hadoop/2.6.0/share/hadoop/common/lib/slf4j-api-1.7.5.jar:/opt/hadoop/2.6.0/share/hadoop/common/lib/jaxb-impl-2.2.3-1.jar:/opt/hadoop/2.6.0/share/hadoop/common/lib/jsr305-1.3.9.jar:/opt/hadoop/2.6.0/share/hadoop/common/lib/protobuf-java-2.5.0.jar:/opt/hadoop/2.6.0/share/hadoop/common/lib/jersey-core-1.9.jar:/opt/hadoop/2.6.0/share/hadoop/common/lib/xmlenc-0.52.jar:/opt/hadoop/2.6.0/share/hadoop/common/lib/jetty-util-6.1.26.jar:/opt/hadoop/2.6.0/share/hadoop/common/lib/commons-logging-1.1.3.jar:/opt/hadoop/2.6.0/share/hadoop/common/lib/avro-1.7.4.jar:/opt/hadoop/2.6.0/share/hadoop/common/lib/jackson-jaxrs-1.9.13.jar:/opt/hadoop/2.6.0/share/hadoop/common/lib/gson-2.2.4.jar:/opt/hadoop/2.6.0/share/hadoop/common/lib/httpclient-4.2.5.jar:/opt/hadoop/2.6.0/share/hadoop/common/lib/curator-recipes-2.6.0.jar:/opt/hadoop/2.6.0/share/hadoop/common/lib/commons-beanutils-core-1.8.0.jar:/opt/hadoop/2.6.0/share/hadoop/common/lib/commons-beanutils-1.7.0.jar:/opt/hadoop/2.6.0/share/hadoop/common/lib/jaxb-api-2.2.2.jar:/opt/hadoop/2.6.0/share/hadoop/common/lib/slf4j-log4j12-1.7.5.jar:/opt/hadoop/2.6.0/share/hadoop/common/lib/jetty-6.1.26.jar:/opt/hadoop/2.6.0/share/hadoop/common/lib/commons-lang-2.6.jar:/opt/hadoop/2.6.0/share/hadoop/common/lib/asm-3.2.jar:/opt/hadoop/2.6.0/share/hadoop/common/lib/jackson-xc-1.9.13.jar:/opt/hadoop/2.6.0/share/hadoop/common/lib/commons-math3-3.1.1.jar:/opt/hadoop/2.6.0/share/hadoop/common/lib/commons-codec-1.4.jar:/opt/hadoop/2.6.0/share/hadoop/common/lib/stax-api-1.0-2.jar:/opt/hadoop/2.6.0/share/hadoop/common/lib/commons-digester-1.8.jar:/opt/hadoop/2.6.0/share/hadoop/common/lib/jsp-api-2.1.jar:/opt/hadoop/2.6.0/share/hadoop/common/lib/jackson-mapper-asl-1.9.13.jar:/opt/hadoop/2.6.0/share/hadoop/common/lib/java-xmlbuilder-0.4.jar:/opt/hadoop/2.6.0/share/hadoop/common/lib/junit-4.11.jar:/opt/hadoop/2.6.0/share/hadoop/common/lib/commons-collections-3.2.1.jar:/opt/hadoop/2.6.0/share/hadoop/common/lib/api-util-1.0.0-M20.jar:/opt/hadoop/2.6.0/share/hadoop/common/lib/api-asn1-api-1.0.0-M20.jar:/opt/hadoop/2.6.0/share/hadoop/common/lib/zookeeper-3.4.6.jar:/opt/hadoop/2.6.0/share/hadoop/common/lib/hadoop-annotations-2.6.0.jar:/opt/hadoop/2.6.0/share/hadoop/common/lib/hamcrest-core-1.3.jar:/opt/hadoop/2.6.0/share/hadoop/common/lib/guava-11.0.2.jar:/opt/hadoop/2.6.0/share/hadoop/common/lib/curator-client-2.6.0.jar:/opt/hadoop/2.6.0/share/hadoop/common/lib/netty-3.6.2.Final.jar:/opt/hadoop/2.6.0/share/hadoop/common/lib/jersey-server-1.9.jar:/opt/hadoop/2.6.0/share/hadoop/common/lib/commons-cli-1.2.jar:/opt/hadoop/2.6.0/share/hadoop/common/lib/xz-1.0.jar:/opt/hadoop/2.6.0/share/hadoop/common/lib/commons-io-2.4.jar:/opt/hadoop/2.6.0/share/hadoop/common/lib/apacheds-i18n-2.0.0-M15.jar:/opt/hadoop/2.6.0/share/hadoop/common/lib/paranamer-2.3.jar:/opt/hadoop/2.6.0/share/hadoop/common/lib/mockito-all-1.8.5.jar:/opt/hadoop/2.6.0/share/hadoop/common/lib/httpcore-4.2.5.jar:/opt/hadoop/2.6.0/share/hadoop/common/lib/commons-compress-1.4.1.jar:/opt/hadoop/2.6.0/share/hadoop/common/lib/jackson-core-asl-1.9.13.jar:/opt/hadoop/2.6.0/share/hadoop/common/lib/htrace-core-3.0.4.jar:/opt/hadoop/2.6.0/share/hadoop/common/lib/activation-1.1.jar:/opt/hadoop/2.6.0/share/hadoop/common/lib/commons-net-3.1.jar:/opt/hadoop/2.6.0/share/hadoop/common/lib/jsch-0.1.42.jar:/opt/hadoop/2.6.0/share/hadoop/common/lib/jersey-json-1.9.jar:/opt/hadoop/2.6.0/share/hadoop/common/lib/commons-el-1.0.jar:/opt/hadoop/2.6.0/share/hadoop/common/lib/snappy-java-1.0.4.1.jar:/opt/hadoop/2.6.0/share/hadoop/common/lib/jasper-runtime-5.5.23.jar:/opt/hadoop/2.6.0/share/hadoop/common/lib/hadoop-auth-2.6.0.jar:/opt/hadoop/2.6.0/share/hadoop/common/lib/commons-httpclient-3.1.jar:/opt/hadoop/2.6.0/share/hadoop/common/lib/jasper-compiler-5.5.23.jar:/opt/hadoop/2.6.0/share/hadoop/common/lib/jettison-1.1.jar:/opt/hadoop/2.6.0/share/hadoop/common/lib/log4j-1.2.17.jar:/opt/hadoop/2.6.0/share/hadoop/common/lib/apacheds-kerberos-codec-2.0.0-M15.jar:/opt/hadoop/2.6.0/share/hadoop/common/lib/curator-framework-2.6.0.jar:/opt/hadoop/2.6.0/share/hadoop/common/hadoop-common-2.6.0.jar:/opt/hadoop/2.6.0/share/hadoop/common/hadoop-common-2.6.0-tests.jar:/opt/hadoop/2.6.0/share/hadoop/common/hadoop-nfs-2.6.0.jar:/opt/hadoop/2.6.0/share/hadoop/hdfs:/opt/hadoop/2.6.0/share/hadoop/hdfs/lib/servlet-api-2.5.jar:/opt/hadoop/2.6.0/share/hadoop/hdfs/lib/jsr305-1.3.9.jar:/opt/hadoop/2.6.0/share/hadoop/hdfs/lib/protobuf-java-2.5.0.jar:/opt/hadoop/2.6.0/share/hadoop/hdfs/lib/jersey-core-1.9.jar:/opt/hadoop/2.6.0/share/hadoop/hdfs/lib/xmlenc-0.52.jar:/opt/hadoop/2.6.0/share/hadoop/hdfs/lib/jetty-util-6.1.26.jar:/opt/hadoop/2.6.0/share/hadoop/hdfs/lib/commons-logging-1.1.3.jar:/opt/hadoop/2.6.0/share/hadoop/hdfs/lib/commons-daemon-1.0.13.jar:/opt/hadoop/2.6.0/share/hadoop/hdfs/lib/jetty-6.1.26.jar:/opt/hadoop/2.6.0/share/hadoop/hdfs/lib/commons-lang-2.6.jar:/opt/hadoop/2.6.0/share/hadoop/hdfs/lib/asm-3.2.jar:/opt/hadoop/2.6.0/share/hadoop/hdfs/lib/commons-codec-1.4.jar:/opt/hadoop/2.6.0/share/hadoop/hdfs/lib/jsp-api-2.1.jar:/opt/hadoop/2.6.0/share/hadoop/hdfs/lib/jackson-mapper-asl-1.9.13.jar:/opt/hadoop/2.6.0/share/hadoop/hdfs/lib/guava-11.0.2.jar:/opt/hadoop/2.6.0/share/hadoop/hdfs/lib/netty-3.6.2.Final.jar:/opt/hadoop/2.6.0/share/hadoop/hdfs/lib/xercesImpl-2.9.1.jar:/opt/hadoop/2.6.0/share/hadoop/hdfs/lib/jersey-server-1.9.jar:/opt/hadoop/2.6.0/share/hadoop/hdfs/lib/commons-cli-1.2.jar:/opt/hadoop/2.6.0/share/hadoop/hdfs/lib/xml-apis-1.3.04.jar:/opt/hadoop/2.6.0/share/hadoop/hdfs/lib/commons-io-2.4.jar:/opt/hadoop/2.6.0/share/hadoop/hdfs/lib/jackson-core-asl-1.9.13.jar:/opt/hadoop/2.6.0/share/hadoop/hdfs/lib/htrace-core-3.0.4.jar:/opt/hadoop/2.6.0/share/hadoop/hdfs/lib/commons-el-1.0.jar:/opt/hadoop/2.6.0/share/hadoop/hdfs/lib/jasper-runtime-5.5.23.jar:/opt/hadoop/2.6.0/share/hadoop/hdfs/lib/log4j-1.2.17.jar:/opt/hadoop/2.6.0/share/hadoop/hdfs/hadoop-hdfs-2.6.0-tests.jar:/opt/hadoop/2.6.0/share/hadoop/hdfs/hadoop-hdfs-2.6.0.jar:/opt/hadoop/2.6.0/share/hadoop/hdfs/hadoop-hdfs-nfs-2.6.0.jar:/opt/hadoop/2.6.0/share/hadoop/yarn/lib/servlet-api-2.5.jar:/opt/hadoop/2.6.0/share/hadoop/yarn/lib/jaxb-impl-2.2.3-1.jar:/opt/hadoop/2.6.0/share/hadoop/yarn/lib/jsr305-1.3.9.jar:/opt/hadoop/2.6.0/share/hadoop/yarn/lib/jersey-client-1.9.jar:/opt/hadoop/2.6.0/share/hadoop/yarn/lib/protobuf-java-2.5.0.jar:/opt/hadoop/2.6.0/share/hadoop/yarn/lib/jersey-core-1.9.jar:/opt/hadoop/2.6.0/share/hadoop/yarn/lib/jetty-util-6.1.26.jar:/opt/hadoop/2.6.0/share/hadoop/yarn/lib/commons-logging-1.1.3.jar:/opt/hadoop/2.6.0/share/hadoop/yarn/lib/jackson-jaxrs-1.9.13.jar:/opt/hadoop/2.6.0/share/hadoop/yarn/lib/jersey-guice-1.9.jar:/opt/hadoop/2.6.0/share/hadoop/yarn/lib/jaxb-api-2.2.2.jar:/opt/hadoop/2.6.0/share/hadoop/yarn/lib/aopalliance-1.0.jar:/opt/hadoop/2.6.0/share/hadoop/yarn/lib/jetty-6.1.26.jar:/opt/hadoop/2.6.0/share/hadoop/yarn/lib/jline-0.9.94.jar:/opt/hadoop/2.6.0/share/hadoop/yarn/lib/commons-lang-2.6.jar:/opt/hadoop/2.6.0/share/hadoop/yarn/lib/asm-3.2.jar:/opt/hadoop/2.6.0/share/hadoop/yarn/lib/jackson-xc-1.9.13.jar:/opt/hadoop/2.6.0/share/hadoop/yarn/lib/commons-codec-1.4.jar:/opt/hadoop/2.6.0/share/hadoop/yarn/lib/stax-api-1.0-2.jar:/opt/hadoop/2.6.0/share/hadoop/yarn/lib/jackson-mapper-asl-1.9.13.jar:/opt/hadoop/2.6.0/share/hadoop/yarn/lib/guice-3.0.jar:/opt/hadoop/2.6.0/share/hadoop/yarn/lib/commons-collections-3.2.1.jar:/opt/hadoop/2.6.0/share/hadoop/yarn/lib/guice-servlet-3.0.jar:/opt/hadoop/2.6.0/share/hadoop/yarn/lib/zookeeper-3.4.6.jar:/opt/hadoop/2.6.0/share/hadoop/yarn/lib/guava-11.0.2.jar:/opt/hadoop/2.6.0/share/hadoop/yarn/lib/netty-3.6.2.Final.jar:/opt/hadoop/2.6.0/share/hadoop/yarn/lib/jersey-server-1.9.jar:/opt/hadoop/2.6.0/share/hadoop/yarn/lib/commons-cli-1.2.jar:/opt/hadoop/2.6.0/share/hadoop/yarn/lib/xz-1.0.jar:/opt/hadoop/2.6.0/share/hadoop/yarn/lib/commons-io-2.4.jar:/opt/hadoop/2.6.0/share/hadoop/yarn/lib/javax.inject-1.jar:/opt/hadoop/2.6.0/share/hadoop/yarn/lib/commons-compress-1.4.1.jar:/opt/hadoop/2.6.0/share/hadoop/yarn/lib/jackson-core-asl-1.9.13.jar:/opt/hadoop/2.6.0/share/hadoop/yarn/lib/leveldbjni-all-1.8.jar:/opt/hadoop/2.6.0/share/hadoop/yarn/lib/activation-1.1.jar:/opt/hadoop/2.6.0/share/hadoop/yarn/lib/jersey-json-1.9.jar:/opt/hadoop/2.6.0/share/hadoop/yarn/lib/commons-httpclient-3.1.jar:/opt/hadoop/2.6.0/share/hadoop/yarn/lib/jettison-1.1.jar:/opt/hadoop/2.6.0/share/hadoop/yarn/lib/log4j-1.2.17.jar:/opt/hadoop/2.6.0/share/hadoop/yarn/hadoop-yarn-server-tests-2.6.0.jar:/opt/hadoop/2.6.0/share/hadoop/yarn/hadoop-yarn-common-2.6.0.jar:/opt/hadoop/2.6.0/share/hadoop/yarn/hadoop-yarn-server-applicationhistoryservice-2.6.0.jar:/opt/hadoop/2.6.0/share/hadoop/yarn/hadoop-yarn-server-common-2.6.0.jar:/opt/hadoop/2.6.0/share/hadoop/yarn/hadoop-yarn-applications-unmanaged-am-launcher-2.6.0.jar:/opt/hadoop/2.6.0/share/hadoop/yarn/hadoop-yarn-server-web-proxy-2.6.0.jar:/opt/hadoop/2.6.0/share/hadoop/yarn/hadoop-yarn-applications-distributedshell-2.6.0.jar:/opt/hadoop/2.6.0/share/hadoop/yarn/hadoop-yarn-server-resourcemanager-2.6.0.jar:/opt/hadoop/2.6.0/share/hadoop/yarn/hadoop-yarn-api-2.6.0.jar:/opt/hadoop/2.6.0/share/hadoop/yarn/hadoop-yarn-server-nodemanager-2.6.0.jar:/opt/hadoop/2.6.0/share/hadoop/yarn/hadoop-yarn-registry-2.6.0.jar:/opt/hadoop/2.6.0/share/hadoop/yarn/hadoop-yarn-client-2.6.0.jar:/opt/hadoop/2.6.0/share/hadoop/mapreduce/lib/protobuf-java-2.5.0.jar:/opt/hadoop/2.6.0/share/hadoop/mapreduce/lib/jersey-core-1.9.jar:/opt/hadoop/2.6.0/share/hadoop/mapreduce/lib/avro-1.7.4.jar:/opt/hadoop/2.6.0/share/hadoop/mapreduce/lib/jersey-guice-1.9.jar:/opt/hadoop/2.6.0/share/hadoop/mapreduce/lib/aopalliance-1.0.jar:/opt/hadoop/2.6.0/share/hadoop/mapreduce/lib/asm-3.2.jar:/opt/hadoop/2.6.0/share/hadoop/mapreduce/lib/jackson-mapper-asl-1.9.13.jar:/opt/hadoop/2.6.0/share/hadoop/mapreduce/lib/guice-3.0.jar:/opt/hadoop/2.6.0/share/hadoop/mapreduce/lib/junit-4.11.jar:/opt/hadoop/2.6.0/share/hadoop/mapreduce/lib/guice-servlet-3.0.jar:/opt/hadoop/2.6.0/share/hadoop/mapreduce/lib/hadoop-annotations-2.6.0.jar:/opt/hadoop/2.6.0/share/hadoop/mapreduce/lib/hamcrest-core-1.3.jar:/opt/hadoop/2.6.0/share/hadoop/mapreduce/lib/netty-3.6.2.Final.jar:/opt/hadoop/2.6.0/share/hadoop/mapreduce/lib/jersey-server-1.9.jar:/opt/hadoop/2.6.0/share/hadoop/mapreduce/lib/xz-1.0.jar:/opt/hadoop/2.6.0/share/hadoop/mapreduce/lib/commons-io-2.4.jar:/opt/hadoop/2.6.0/share/hadoop/mapreduce/lib/javax.inject-1.jar:/opt/hadoop/2.6.0/share/hadoop/mapreduce/lib/paranamer-2.3.jar:/opt/hadoop/2.6.0/share/hadoop/mapreduce/lib/commons-compress-1.4.1.jar:/opt/hadoop/2.6.0/share/hadoop/mapreduce/lib/jackson-core-asl-1.9.13.jar:/opt/hadoop/2.6.0/share/hadoop/mapreduce/lib/leveldbjni-all-1.8.jar:/opt/hadoop/2.6.0/share/hadoop/mapreduce/lib/snappy-java-1.0.4.1.jar:/opt/hadoop/2.6.0/share/hadoop/mapreduce/lib/log4j-1.2.17.jar:/opt/hadoop/2.6.0/share/hadoop/mapreduce/hadoop-mapreduce-client-jobclient-2.6.0-tests.jar:/opt/hadoop/2.6.0/share/hadoop/mapreduce/hadoop-mapreduce-examples-2.6.0.jar:/opt/hadoop/2.6.0/share/hadoop/mapreduce/hadoop-mapreduce-client-hs-plugins-2.6.0.jar:/opt/hadoop/2.6.0/share/hadoop/mapreduce/hadoop-mapreduce-client-core-2.6.0.jar:/opt/hadoop/2.6.0/share/hadoop/mapreduce/hadoop-mapreduce-client-common-2.6.0.jar:/opt/hadoop/2.6.0/share/hadoop/mapreduce/hadoop-mapreduce-client-jobclient-2.6.0.jar:/opt/hadoop/2.6.0/share/hadoop/mapreduce/hadoop-mapreduce-client-shuffle-2.6.0.jar:/opt/hadoop/2.6.0/share/hadoop/mapreduce/hadoop-mapreduce-client-hs-2.6.0.jar:/opt/hadoop/2.6.0/share/hadoop/mapreduce/hadoop-mapreduce-client-app-2.6.0.jar:/opt/hadoop/2.6.0/contrib/capacity-scheduler/*.jar
STARTUP_MSG:   build = https://git-wip-us.apache.org/repos/asf/hadoop.git -r e3496499ecb8d220fba99dc5ed4c99c8f9e33bb1; compiled by 'jenkins' on 2014-11-13T21:10Z
STARTUP_MSG:   java = 1.8.0_60
************************************************************/
19/10/28 20:49:01 INFO namenode.NameNode: registered UNIX signal handlers for [TERM, HUP, INT]
19/10/28 20:49:01 INFO namenode.NameNode: createNameNode [-format]
19/10/28 20:49:02 WARN util.NativeCodeLoader: Unable to load native-hadoop library for your platform... using builtin-java classes where applicable
19/10/28 20:49:02 WARN common.Util: Path /scratch/mxh6295/27672349/namenode_data should be specified as a URI in configuration files. Please update hdfs configuration.
19/10/28 20:49:02 WARN common.Util: Path /scratch/mxh6295/27672349/namenode_data should be specified as a URI in configuration files. Please update hdfs configuration.
Formatting using clusterid: CID-50cdc0c7-6204-4ea0-900c-53e23a8b23e4
19/10/28 20:49:02 INFO namenode.FSNamesystem: No KeyProvider found.
19/10/28 20:49:02 INFO namenode.FSNamesystem: fsLock is fair:true
19/10/28 20:49:02 INFO blockmanagement.DatanodeManager: dfs.block.invalidate.limit=1000
19/10/28 20:49:02 INFO blockmanagement.DatanodeManager: dfs.namenode.datanode.registration.ip-hostname-check=true
19/10/28 20:49:02 INFO blockmanagement.BlockManager: dfs.namenode.startup.delay.block.deletion.sec is set to 000:00:00:00.000
19/10/28 20:49:02 INFO blockmanagement.BlockManager: The block deletion will start around 2019 Oct 28 20:49:02
19/10/28 20:49:02 INFO util.GSet: Computing capacity for map BlocksMap
19/10/28 20:49:02 INFO util.GSet: VM type       = 64-bit
19/10/28 20:49:02 INFO util.GSet: 2.0% max memory 958.5 MB = 19.2 MB
19/10/28 20:49:02 INFO util.GSet: capacity      = 2^21 = 2097152 entries
19/10/28 20:49:02 INFO blockmanagement.BlockManager: dfs.block.access.token.enable=false
19/10/28 20:49:02 INFO blockmanagement.BlockManager: defaultReplication         = 3
19/10/28 20:49:02 INFO blockmanagement.BlockManager: maxReplication             = 512
19/10/28 20:49:02 INFO blockmanagement.BlockManager: minReplication             = 1
19/10/28 20:49:02 INFO blockmanagement.BlockManager: maxReplicationStreams      = 2
19/10/28 20:49:02 INFO blockmanagement.BlockManager: shouldCheckForEnoughRacks  = false
19/10/28 20:49:02 INFO blockmanagement.BlockManager: replicationRecheckInterval = 3000
19/10/28 20:49:02 INFO blockmanagement.BlockManager: encryptDataTransfer        = false
19/10/28 20:49:02 INFO blockmanagement.BlockManager: maxNumBlocksToLog          = 1000
19/10/28 20:49:02 INFO namenode.FSNamesystem: fsOwner             = mxh6295 (auth:SIMPLE)
19/10/28 20:49:02 INFO namenode.FSNamesystem: supergroup          = supergroup
19/10/28 20:49:02 INFO namenode.FSNamesystem: isPermissionEnabled = true
19/10/28 20:49:02 INFO namenode.FSNamesystem: HA Enabled: false
19/10/28 20:49:02 INFO namenode.FSNamesystem: Append Enabled: true
19/10/28 20:49:02 INFO util.GSet: Computing capacity for map INodeMap
19/10/28 20:49:02 INFO util.GSet: VM type       = 64-bit
19/10/28 20:49:02 INFO util.GSet: 1.0% max memory 958.5 MB = 9.6 MB
19/10/28 20:49:02 INFO util.GSet: capacity      = 2^20 = 1048576 entries
19/10/28 20:49:02 INFO namenode.NameNode: Caching file names occuring more than 10 times
19/10/28 20:49:02 INFO util.GSet: Computing capacity for map cachedBlocks
19/10/28 20:49:02 INFO util.GSet: VM type       = 64-bit
19/10/28 20:49:02 INFO util.GSet: 0.25% max memory 958.5 MB = 2.4 MB
19/10/28 20:49:02 INFO util.GSet: capacity      = 2^18 = 262144 entries
19/10/28 20:49:02 INFO namenode.FSNamesystem: dfs.namenode.safemode.threshold-pct = 0.9990000128746033
19/10/28 20:49:02 INFO namenode.FSNamesystem: dfs.namenode.safemode.min.datanodes = 0
19/10/28 20:49:02 INFO namenode.FSNamesystem: dfs.namenode.safemode.extension     = 30000
19/10/28 20:49:02 INFO namenode.FSNamesystem: Retry cache on namenode is enabled
19/10/28 20:49:02 INFO namenode.FSNamesystem: Retry cache will use 0.03 of total heap and retry cache entry expiry time is 600000 millis
19/10/28 20:49:02 INFO util.GSet: Computing capacity for map NameNodeRetryCache
19/10/28 20:49:02 INFO util.GSet: VM type       = 64-bit
19/10/28 20:49:02 INFO util.GSet: 0.029999999329447746% max memory 958.5 MB = 294.5 KB
19/10/28 20:49:02 INFO util.GSet: capacity      = 2^15 = 32768 entries
19/10/28 20:49:02 INFO namenode.NNConf: ACLs enabled? false
19/10/28 20:49:02 INFO namenode.NNConf: XAttrs enabled? true
19/10/28 20:49:02 INFO namenode.NNConf: Maximum size of an xattr: 16384
19/10/28 20:49:02 INFO namenode.FSImage: Allocated new BlockPoolId: BP-149520184-198.202.117.55-1572320942527
19/10/28 20:49:02 INFO common.Storage: Storage directory /scratch/mxh6295/27672349/namenode_data has been successfully formatted.
19/10/28 20:49:02 INFO namenode.NNStorageRetentionManager: Going to retain 1 images with txid >= 0
19/10/28 20:49:02 INFO util.ExitUtil: Exiting with status 0
19/10/28 20:49:02 INFO namenode.NameNode: SHUTDOWN_MSG: 
/************************************************************
SHUTDOWN_MSG: Shutting down NameNode at comet-18-35.sdsc.edu/198.202.117.55
************************************************************/
myHadoop:  
myHadoop: Enabling experimental Spark support
myHadoop: Using SPARK_CONF_DIR=/home/mxh6295/cometcluster/spark
myHadoop:  
To use Spark, you will want to type the following commands:"
  source /home/mxh6295/cometcluster/spark/spark-env.sh
  myspark start
19/10/28 20:49:03 WARN util.NativeCodeLoader: Unable to load native-hadoop library for your platform... using builtin-java classes where applicable
Starting namenodes on [comet-18-35.ibnet]
comet-18-35.ibnet: starting namenode, logging to /scratch/mxh6295/27672349/logs/hadoop-mxh6295-namenode-comet-18-35.sdsc.edu.out
comet-18-35.ibnet: starting datanode, logging to /scratch/mxh6295/27672349/logs/hadoop-mxh6295-datanode-comet-18-35.sdsc.edu.out
comet-18-50.ibnet: starting datanode, logging to /scratch/mxh6295/27672349/logs/hadoop-mxh6295-datanode-comet-18-50.sdsc.edu.out
comet-18-36.ibnet: starting datanode, logging to /scratch/mxh6295/27672349/logs/hadoop-mxh6295-datanode-comet-18-36.sdsc.edu.out
Starting secondary namenodes [comet-18-35.ibnet]
comet-18-35.ibnet: starting secondarynamenode, logging to /scratch/mxh6295/27672349/logs/hadoop-mxh6295-secondarynamenode-comet-18-35.sdsc.edu.out
19/10/28 20:49:18 WARN util.NativeCodeLoader: Unable to load native-hadoop library for your platform... using builtin-java classes where applicable
starting yarn daemons
starting resourcemanager, logging to /scratch/mxh6295/27672349/logs/yarn-mxh6295-resourcemanager-comet-18-35.out
comet-18-50.ibnet: starting nodemanager, logging to /scratch/mxh6295/27672349/logs/yarn-mxh6295-nodemanager-comet-18-50.sdsc.edu.out
comet-18-35.ibnet: starting nodemanager, logging to /scratch/mxh6295/27672349/logs/yarn-mxh6295-nodemanager-comet-18-35.sdsc.edu.out
comet-18-36.ibnet: starting nodemanager, logging to /scratch/mxh6295/27672349/logs/yarn-mxh6295-nodemanager-comet-18-36.sdsc.edu.out
mySpark: Using /home/mxh6295/cometcluster/spark/slaves as our slaves file
mySpark: Reading in /home/mxh6295/cometcluster/spark/spark-env.sh as our slaves file
starting org.apache.spark.deploy.master.Master, logging to /scratch/mxh6295/27672349/logs/spark-mxh6295-org.apache.spark.deploy.master.Master-1-comet-18-35.out
mySpark: Starting worker on comet-18-35.ibnet:
  /opt/spark/1.5.2/sbin/spark-daemon.sh --config /home/mxh6295/cometcluster/spark start org.apache.spark.deploy.worker.Worker 1 spark://comet-18-35.ibnet:7077
starting org.apache.spark.deploy.worker.Worker, logging to /scratch/mxh6295/27672349/logs/spark-mxh6295-org.apache.spark.deploy.worker.Worker-1-comet-18-35.sdsc.edu.out
mySpark: Starting worker on comet-18-36.ibnet:
  /opt/spark/1.5.2/sbin/spark-daemon.sh --config /home/mxh6295/cometcluster/spark start org.apache.spark.deploy.worker.Worker 1 spark://comet-18-35.ibnet:7077
starting org.apache.spark.deploy.worker.Worker, logging to /scratch/mxh6295/27672349/logs/spark-mxh6295-org.apache.spark.deploy.worker.Worker-1-comet-18-36.sdsc.edu.out
mySpark: Starting worker on comet-18-50.ibnet:
  /opt/spark/1.5.2/sbin/spark-daemon.sh --config /home/mxh6295/cometcluster/spark start org.apache.spark.deploy.worker.Worker 1 spark://comet-18-35.ibnet:7077
starting org.apache.spark.deploy.worker.Worker, logging to /scratch/mxh6295/27672349/logs/spark-mxh6295-org.apache.spark.deploy.worker.Worker-1-comet-18-50.sdsc.edu.out
19/10/28 20:49:30 WARN util.NativeCodeLoader: Unable to load native-hadoop library for your platform... using builtin-java classes where applicable
19/10/28 20:49:32 WARN util.NativeCodeLoader: Unable to load native-hadoop library for your platform... using builtin-java classes where applicable
19/10/28 20:49:34 INFO spark.SparkContext: Running Spark version 1.5.2
19/10/28 20:49:34 WARN util.NativeCodeLoader: Unable to load native-hadoop library for your platform... using builtin-java classes where applicable
19/10/28 20:49:34 INFO spark.SecurityManager: Changing view acls to: mxh6295
19/10/28 20:49:34 INFO spark.SecurityManager: Changing modify acls to: mxh6295
19/10/28 20:49:34 INFO spark.SecurityManager: SecurityManager: authentication disabled; ui acls disabled; users with view permissions: Set(mxh6295); users with modify permissions: Set(mxh6295)
19/10/28 20:49:34 INFO slf4j.Slf4jLogger: Slf4jLogger started
19/10/28 20:49:34 INFO Remoting: Starting remoting
19/10/28 20:49:34 INFO Remoting: Remoting started; listening on addresses :[akka.tcp://sparkDriver@10.22.251.92:39874]
19/10/28 20:49:34 INFO util.Utils: Successfully started service 'sparkDriver' on port 39874.
19/10/28 20:49:34 INFO spark.SparkEnv: Registering MapOutputTracker
19/10/28 20:49:34 INFO spark.SparkEnv: Registering BlockManagerMaster
19/10/28 20:49:34 INFO storage.DiskBlockManager: Created local directory at /tmp/blockmgr-12c25f91-ace6-465e-94dc-0f3a23297dbf
19/10/28 20:49:34 INFO storage.MemoryStore: MemoryStore started with capacity 530.0 MB
19/10/28 20:49:34 INFO spark.HttpFileServer: HTTP File server directory is /tmp/spark-99778411-9fb9-4e01-8d14-9922c401fac8/httpd-df5aee58-d9b8-4809-b697-953f9fbae133
19/10/28 20:49:34 INFO spark.HttpServer: Starting HTTP Server
19/10/28 20:49:34 INFO server.Server: jetty-8.y.z-SNAPSHOT
19/10/28 20:49:34 INFO server.AbstractConnector: Started SocketConnector@0.0.0.0:35473
19/10/28 20:49:34 INFO util.Utils: Successfully started service 'HTTP file server' on port 35473.
19/10/28 20:49:35 INFO spark.SparkEnv: Registering OutputCommitCoordinator
19/10/28 20:49:35 INFO server.Server: jetty-8.y.z-SNAPSHOT
19/10/28 20:49:35 INFO server.AbstractConnector: Started SelectChannelConnector@0.0.0.0:4040
19/10/28 20:49:35 INFO util.Utils: Successfully started service 'SparkUI' on port 4040.
19/10/28 20:49:35 INFO ui.SparkUI: Started SparkUI at http://10.22.251.92:4040
19/10/28 20:49:35 INFO spark.SparkContext: Added JAR file:/home/mxh6295/project5/partition.jar at http://10.22.251.92:35473/jars/partition.jar with timestamp 1572320975110
19/10/28 20:49:35 WARN metrics.MetricsSystem: Using default name DAGScheduler for source because spark.app.id is not set.
19/10/28 20:49:35 INFO client.AppClient$ClientEndpoint: Connecting to master spark://comet-18-35.ibnet:7077...
19/10/28 20:49:35 INFO cluster.SparkDeploySchedulerBackend: Connected to Spark cluster with app ID app-20191028204935-0000
19/10/28 20:49:35 INFO client.AppClient$ClientEndpoint: Executor added: app-20191028204935-0000/0 on worker-20191028204924-10.22.251.92-41391 (10.22.251.92:41391) with 24 cores
19/10/28 20:49:35 INFO cluster.SparkDeploySchedulerBackend: Granted executor ID app-20191028204935-0000/0 on hostPort 10.22.251.92:41391 with 24 cores, 1024.0 MB RAM
19/10/28 20:49:35 INFO client.AppClient$ClientEndpoint: Executor added: app-20191028204935-0000/1 on worker-20191028204927-10.22.251.91-35004 (10.22.251.91:35004) with 24 cores
19/10/28 20:49:35 INFO cluster.SparkDeploySchedulerBackend: Granted executor ID app-20191028204935-0000/1 on hostPort 10.22.251.91:35004 with 24 cores, 1024.0 MB RAM
19/10/28 20:49:35 INFO client.AppClient$ClientEndpoint: Executor added: app-20191028204935-0000/2 on worker-20191028204929-10.22.251.77-39155 (10.22.251.77:39155) with 24 cores
19/10/28 20:49:35 INFO cluster.SparkDeploySchedulerBackend: Granted executor ID app-20191028204935-0000/2 on hostPort 10.22.251.77:39155 with 24 cores, 1024.0 MB RAM
19/10/28 20:49:35 INFO client.AppClient$ClientEndpoint: Executor updated: app-20191028204935-0000/0 is now LOADING
19/10/28 20:49:35 INFO util.Utils: Successfully started service 'org.apache.spark.network.netty.NettyBlockTransferService' on port 37705.
19/10/28 20:49:35 INFO netty.NettyBlockTransferService: Server created on 37705
19/10/28 20:49:35 INFO storage.BlockManagerMaster: Trying to register BlockManager
19/10/28 20:49:35 INFO storage.BlockManagerMasterEndpoint: Registering block manager 10.22.251.92:37705 with 530.0 MB RAM, BlockManagerId(driver, 10.22.251.92, 37705)
19/10/28 20:49:35 INFO client.AppClient$ClientEndpoint: Executor updated: app-20191028204935-0000/2 is now LOADING
19/10/28 20:49:35 INFO storage.BlockManagerMaster: Registered BlockManager
19/10/28 20:49:35 INFO client.AppClient$ClientEndpoint: Executor updated: app-20191028204935-0000/1 is now LOADING
19/10/28 20:49:35 INFO client.AppClient$ClientEndpoint: Executor updated: app-20191028204935-0000/0 is now RUNNING
19/10/28 20:49:35 INFO client.AppClient$ClientEndpoint: Executor updated: app-20191028204935-0000/1 is now RUNNING
19/10/28 20:49:35 INFO client.AppClient$ClientEndpoint: Executor updated: app-20191028204935-0000/2 is now RUNNING
19/10/28 20:49:35 INFO cluster.SparkDeploySchedulerBackend: SchedulerBackend is ready for scheduling beginning after reached minRegisteredResourcesRatio: 0.0
19/10/28 20:49:35 INFO storage.MemoryStore: ensureFreeSpace(120176) called with curMem=0, maxMem=555755765
19/10/28 20:49:35 INFO storage.MemoryStore: Block broadcast_0 stored as values in memory (estimated size 117.4 KB, free 529.9 MB)
19/10/28 20:49:35 INFO storage.MemoryStore: ensureFreeSpace(12899) called with curMem=120176, maxMem=555755765
19/10/28 20:49:35 INFO storage.MemoryStore: Block broadcast_0_piece0 stored as bytes in memory (estimated size 12.6 KB, free 529.9 MB)
19/10/28 20:49:35 INFO storage.BlockManagerInfo: Added broadcast_0_piece0 in memory on 10.22.251.92:37705 (size: 12.6 KB, free: 530.0 MB)
19/10/28 20:49:35 INFO spark.SparkContext: Created broadcast 0 from textFile at Partition.scala:43
19/10/28 20:49:36 INFO mapred.FileInputFormat: Total input paths to process : 1
19/10/28 20:49:36 INFO spark.SparkContext: Starting job: collect at Partition.scala:52
19/10/28 20:49:36 INFO scheduler.DAGScheduler: Registering RDD 3 (flatMap at Partition.scala:46)
19/10/28 20:49:36 INFO scheduler.DAGScheduler: Registering RDD 6 (flatMap at Partition.scala:46)
19/10/28 20:49:36 INFO scheduler.DAGScheduler: Registering RDD 9 (flatMap at Partition.scala:46)
19/10/28 20:49:36 INFO scheduler.DAGScheduler: Registering RDD 12 (flatMap at Partition.scala:46)
19/10/28 20:49:36 INFO scheduler.DAGScheduler: Registering RDD 15 (flatMap at Partition.scala:46)
19/10/28 20:49:36 INFO scheduler.DAGScheduler: Registering RDD 18 (flatMap at Partition.scala:46)
19/10/28 20:49:36 INFO scheduler.DAGScheduler: Registering RDD 21 (map at Partition.scala:50)
19/10/28 20:49:36 INFO scheduler.DAGScheduler: Got job 0 (collect at Partition.scala:52) with 2 output partitions
19/10/28 20:49:36 INFO scheduler.DAGScheduler: Final stage: ResultStage 7(collect at Partition.scala:52)
19/10/28 20:49:36 INFO scheduler.DAGScheduler: Parents of final stage: List(ShuffleMapStage 6)
19/10/28 20:49:36 INFO scheduler.DAGScheduler: Missing parents: List(ShuffleMapStage 6)
19/10/28 20:49:36 INFO scheduler.DAGScheduler: Submitting ShuffleMapStage 0 (MapPartitionsRDD[3] at flatMap at Partition.scala:46), which has no missing parents
19/10/28 20:49:36 INFO storage.MemoryStore: ensureFreeSpace(4936) called with curMem=133075, maxMem=555755765
19/10/28 20:49:36 INFO storage.MemoryStore: Block broadcast_1 stored as values in memory (estimated size 4.8 KB, free 529.9 MB)
19/10/28 20:49:36 INFO storage.MemoryStore: ensureFreeSpace(2646) called with curMem=138011, maxMem=555755765
19/10/28 20:49:36 INFO storage.MemoryStore: Block broadcast_1_piece0 stored as bytes in memory (estimated size 2.6 KB, free 529.9 MB)
19/10/28 20:49:36 INFO storage.BlockManagerInfo: Added broadcast_1_piece0 in memory on 10.22.251.92:37705 (size: 2.6 KB, free: 530.0 MB)
19/10/28 20:49:36 INFO spark.SparkContext: Created broadcast 1 from broadcast at DAGScheduler.scala:861
19/10/28 20:49:36 INFO scheduler.DAGScheduler: Submitting 2 missing tasks from ShuffleMapStage 0 (MapPartitionsRDD[3] at flatMap at Partition.scala:46)
19/10/28 20:49:36 INFO scheduler.TaskSchedulerImpl: Adding task set 0.0 with 2 tasks
19/10/28 20:49:36 INFO cluster.SparkDeploySchedulerBackend: Registered executor: AkkaRpcEndpointRef(Actor[akka.tcp://sparkExecutor@10.22.251.92:36392/user/Executor#-349093065]) with ID 0
19/10/28 20:49:36 INFO scheduler.TaskSetManager: Starting task 0.0 in stage 0.0 (TID 0, 10.22.251.92, ANY, 2211 bytes)
19/10/28 20:49:36 INFO scheduler.TaskSetManager: Starting task 1.0 in stage 0.0 (TID 1, 10.22.251.92, ANY, 2211 bytes)
19/10/28 20:49:36 INFO cluster.SparkDeploySchedulerBackend: Registered executor: AkkaRpcEndpointRef(Actor[akka.tcp://sparkExecutor@10.22.251.77:38463/user/Executor#-1043452886]) with ID 2
19/10/28 20:49:36 INFO cluster.SparkDeploySchedulerBackend: Registered executor: AkkaRpcEndpointRef(Actor[akka.tcp://sparkExecutor@10.22.251.91:45076/user/Executor#488570944]) with ID 1
19/10/28 20:49:37 INFO storage.BlockManagerMasterEndpoint: Registering block manager 10.22.251.92:43959 with 530.0 MB RAM, BlockManagerId(0, 10.22.251.92, 43959)
19/10/28 20:49:37 INFO storage.BlockManagerMasterEndpoint: Registering block manager 10.22.251.91:46325 with 530.0 MB RAM, BlockManagerId(1, 10.22.251.91, 46325)
19/10/28 20:49:37 INFO storage.BlockManagerMasterEndpoint: Registering block manager 10.22.251.77:40143 with 530.0 MB RAM, BlockManagerId(2, 10.22.251.77, 40143)
19/10/28 20:49:37 INFO storage.BlockManagerInfo: Added broadcast_1_piece0 in memory on 10.22.251.92:43959 (size: 2.6 KB, free: 530.0 MB)
19/10/28 20:49:37 INFO storage.BlockManagerInfo: Added broadcast_0_piece0 in memory on 10.22.251.92:43959 (size: 12.6 KB, free: 530.0 MB)
19/10/28 20:49:38 INFO scheduler.TaskSetManager: Finished task 0.0 in stage 0.0 (TID 0) in 1572 ms on 10.22.251.92 (1/2)
19/10/28 20:49:38 INFO scheduler.TaskSetManager: Finished task 1.0 in stage 0.0 (TID 1) in 1560 ms on 10.22.251.92 (2/2)
19/10/28 20:49:38 INFO scheduler.TaskSchedulerImpl: Removed TaskSet 0.0, whose tasks have all completed, from pool 
19/10/28 20:49:38 INFO scheduler.DAGScheduler: ShuffleMapStage 0 (flatMap at Partition.scala:46) finished in 2.103 s
19/10/28 20:49:38 INFO scheduler.DAGScheduler: looking for newly runnable stages
19/10/28 20:49:38 INFO scheduler.DAGScheduler: running: Set()
19/10/28 20:49:38 INFO scheduler.DAGScheduler: waiting: Set(ShuffleMapStage 1, ShuffleMapStage 5, ShuffleMapStage 2, ShuffleMapStage 6, ShuffleMapStage 3, ResultStage 7, ShuffleMapStage 4)
19/10/28 20:49:38 INFO scheduler.DAGScheduler: failed: Set()
19/10/28 20:49:38 INFO scheduler.DAGScheduler: Missing parents for ShuffleMapStage 1: List()
19/10/28 20:49:38 INFO scheduler.DAGScheduler: Missing parents for ShuffleMapStage 5: List(ShuffleMapStage 4)
19/10/28 20:49:38 INFO scheduler.DAGScheduler: Missing parents for ShuffleMapStage 2: List(ShuffleMapStage 1)
19/10/28 20:49:38 INFO scheduler.DAGScheduler: Missing parents for ShuffleMapStage 6: List(ShuffleMapStage 5)
19/10/28 20:49:38 INFO scheduler.DAGScheduler: Missing parents for ShuffleMapStage 3: List(ShuffleMapStage 2)
19/10/28 20:49:38 INFO scheduler.DAGScheduler: Missing parents for ResultStage 7: List(ShuffleMapStage 6)
19/10/28 20:49:38 INFO scheduler.DAGScheduler: Missing parents for ShuffleMapStage 4: List(ShuffleMapStage 3)
19/10/28 20:49:38 INFO scheduler.DAGScheduler: Submitting ShuffleMapStage 1 (MapPartitionsRDD[6] at flatMap at Partition.scala:46), which is now runnable
19/10/28 20:49:38 INFO storage.MemoryStore: ensureFreeSpace(5488) called with curMem=140657, maxMem=555755765
19/10/28 20:49:38 INFO storage.MemoryStore: Block broadcast_2 stored as values in memory (estimated size 5.4 KB, free 529.9 MB)
19/10/28 20:49:38 INFO storage.MemoryStore: ensureFreeSpace(2893) called with curMem=146145, maxMem=555755765
19/10/28 20:49:38 INFO storage.MemoryStore: Block broadcast_2_piece0 stored as bytes in memory (estimated size 2.8 KB, free 529.9 MB)
19/10/28 20:49:38 INFO storage.BlockManagerInfo: Added broadcast_2_piece0 in memory on 10.22.251.92:37705 (size: 2.8 KB, free: 530.0 MB)
19/10/28 20:49:38 INFO spark.SparkContext: Created broadcast 2 from broadcast at DAGScheduler.scala:861
19/10/28 20:49:38 INFO scheduler.DAGScheduler: Submitting 2 missing tasks from ShuffleMapStage 1 (MapPartitionsRDD[6] at flatMap at Partition.scala:46)
19/10/28 20:49:38 INFO scheduler.TaskSchedulerImpl: Adding task set 1.0 with 2 tasks
19/10/28 20:49:38 INFO scheduler.TaskSetManager: Starting task 0.0 in stage 1.0 (TID 2, 10.22.251.91, PROCESS_LOCAL, 1944 bytes)
19/10/28 20:49:38 INFO scheduler.TaskSetManager: Starting task 1.0 in stage 1.0 (TID 3, 10.22.251.77, PROCESS_LOCAL, 1944 bytes)
19/10/28 20:49:38 INFO storage.BlockManagerInfo: Added broadcast_2_piece0 in memory on 10.22.251.91:46325 (size: 2.8 KB, free: 530.0 MB)
19/10/28 20:49:38 INFO storage.BlockManagerInfo: Added broadcast_2_piece0 in memory on 10.22.251.77:40143 (size: 2.8 KB, free: 530.0 MB)
19/10/28 20:49:38 INFO spark.MapOutputTrackerMasterEndpoint: Asked to send map output locations for shuffle 6 to 10.22.251.91:45076
19/10/28 20:49:38 INFO spark.MapOutputTrackerMaster: Size of output statuses for shuffle 6 is 150 bytes
19/10/28 20:49:38 INFO spark.MapOutputTrackerMasterEndpoint: Asked to send map output locations for shuffle 6 to 10.22.251.77:38463
19/10/28 20:49:39 INFO scheduler.TaskSetManager: Finished task 1.0 in stage 1.0 (TID 3) in 1447 ms on 10.22.251.77 (1/2)
19/10/28 20:49:39 INFO scheduler.TaskSetManager: Finished task 0.0 in stage 1.0 (TID 2) in 1469 ms on 10.22.251.91 (2/2)
19/10/28 20:49:39 INFO scheduler.DAGScheduler: ShuffleMapStage 1 (flatMap at Partition.scala:46) finished in 1.469 s
19/10/28 20:49:39 INFO scheduler.TaskSchedulerImpl: Removed TaskSet 1.0, whose tasks have all completed, from pool 
19/10/28 20:49:39 INFO scheduler.DAGScheduler: looking for newly runnable stages
19/10/28 20:49:39 INFO scheduler.DAGScheduler: running: Set()
19/10/28 20:49:39 INFO scheduler.DAGScheduler: waiting: Set(ShuffleMapStage 5, ShuffleMapStage 2, ShuffleMapStage 6, ShuffleMapStage 3, ResultStage 7, ShuffleMapStage 4)
19/10/28 20:49:39 INFO scheduler.DAGScheduler: failed: Set()
19/10/28 20:49:39 INFO scheduler.DAGScheduler: Missing parents for ShuffleMapStage 5: List(ShuffleMapStage 4)
19/10/28 20:49:39 INFO scheduler.DAGScheduler: Missing parents for ShuffleMapStage 2: List()
19/10/28 20:49:39 INFO scheduler.DAGScheduler: Missing parents for ShuffleMapStage 6: List(ShuffleMapStage 5)
19/10/28 20:49:39 INFO scheduler.DAGScheduler: Missing parents for ShuffleMapStage 3: List(ShuffleMapStage 2)
19/10/28 20:49:39 INFO scheduler.DAGScheduler: Missing parents for ResultStage 7: List(ShuffleMapStage 6)
19/10/28 20:49:39 INFO scheduler.DAGScheduler: Missing parents for ShuffleMapStage 4: List(ShuffleMapStage 3)
19/10/28 20:49:39 INFO scheduler.DAGScheduler: Submitting ShuffleMapStage 2 (MapPartitionsRDD[9] at flatMap at Partition.scala:46), which is now runnable
19/10/28 20:49:39 INFO storage.MemoryStore: ensureFreeSpace(5816) called with curMem=149038, maxMem=555755765
19/10/28 20:49:39 INFO storage.MemoryStore: Block broadcast_3 stored as values in memory (estimated size 5.7 KB, free 529.9 MB)
19/10/28 20:49:39 INFO storage.MemoryStore: ensureFreeSpace(2996) called with curMem=154854, maxMem=555755765
19/10/28 20:49:39 INFO storage.MemoryStore: Block broadcast_3_piece0 stored as bytes in memory (estimated size 2.9 KB, free 529.9 MB)
19/10/28 20:49:39 INFO storage.BlockManagerInfo: Added broadcast_3_piece0 in memory on 10.22.251.92:37705 (size: 2.9 KB, free: 530.0 MB)
19/10/28 20:49:39 INFO spark.SparkContext: Created broadcast 3 from broadcast at DAGScheduler.scala:861
19/10/28 20:49:39 INFO scheduler.DAGScheduler: Submitting 2 missing tasks from ShuffleMapStage 2 (MapPartitionsRDD[9] at flatMap at Partition.scala:46)
19/10/28 20:49:39 INFO scheduler.TaskSchedulerImpl: Adding task set 2.0 with 2 tasks
19/10/28 20:49:39 INFO scheduler.TaskSetManager: Starting task 0.0 in stage 2.0 (TID 4, 10.22.251.91, PROCESS_LOCAL, 1944 bytes)
19/10/28 20:49:39 INFO scheduler.TaskSetManager: Starting task 1.0 in stage 2.0 (TID 5, 10.22.251.77, PROCESS_LOCAL, 1944 bytes)
19/10/28 20:49:39 INFO storage.BlockManagerInfo: Added broadcast_3_piece0 in memory on 10.22.251.91:46325 (size: 2.9 KB, free: 530.0 MB)
19/10/28 20:49:39 INFO storage.BlockManagerInfo: Added broadcast_3_piece0 in memory on 10.22.251.77:40143 (size: 2.9 KB, free: 530.0 MB)
19/10/28 20:49:39 INFO spark.MapOutputTrackerMasterEndpoint: Asked to send map output locations for shuffle 5 to 10.22.251.77:38463
19/10/28 20:49:39 INFO spark.MapOutputTrackerMaster: Size of output statuses for shuffle 5 is 164 bytes
19/10/28 20:49:39 INFO spark.MapOutputTrackerMasterEndpoint: Asked to send map output locations for shuffle 5 to 10.22.251.91:45076
19/10/28 20:49:40 INFO scheduler.TaskSetManager: Finished task 0.0 in stage 2.0 (TID 4) in 896 ms on 10.22.251.91 (1/2)
19/10/28 20:49:40 INFO scheduler.TaskSetManager: Finished task 1.0 in stage 2.0 (TID 5) in 908 ms on 10.22.251.77 (2/2)
19/10/28 20:49:40 INFO scheduler.DAGScheduler: ShuffleMapStage 2 (flatMap at Partition.scala:46) finished in 0.908 s
19/10/28 20:49:40 INFO scheduler.TaskSchedulerImpl: Removed TaskSet 2.0, whose tasks have all completed, from pool 
19/10/28 20:49:40 INFO scheduler.DAGScheduler: looking for newly runnable stages
19/10/28 20:49:40 INFO scheduler.DAGScheduler: running: Set()
19/10/28 20:49:40 INFO scheduler.DAGScheduler: waiting: Set(ShuffleMapStage 5, ShuffleMapStage 6, ShuffleMapStage 3, ResultStage 7, ShuffleMapStage 4)
19/10/28 20:49:40 INFO scheduler.DAGScheduler: failed: Set()
19/10/28 20:49:40 INFO scheduler.DAGScheduler: Missing parents for ShuffleMapStage 5: List(ShuffleMapStage 4)
19/10/28 20:49:40 INFO scheduler.DAGScheduler: Missing parents for ShuffleMapStage 6: List(ShuffleMapStage 5)
19/10/28 20:49:40 INFO scheduler.DAGScheduler: Missing parents for ShuffleMapStage 3: List()
19/10/28 20:49:40 INFO scheduler.DAGScheduler: Missing parents for ResultStage 7: List(ShuffleMapStage 6)
19/10/28 20:49:40 INFO scheduler.DAGScheduler: Missing parents for ShuffleMapStage 4: List(ShuffleMapStage 3)
19/10/28 20:49:40 INFO scheduler.DAGScheduler: Submitting ShuffleMapStage 3 (MapPartitionsRDD[12] at flatMap at Partition.scala:46), which is now runnable
19/10/28 20:49:40 INFO storage.MemoryStore: ensureFreeSpace(6152) called with curMem=157850, maxMem=555755765
19/10/28 20:49:40 INFO storage.MemoryStore: Block broadcast_4 stored as values in memory (estimated size 6.0 KB, free 529.9 MB)
19/10/28 20:49:40 INFO storage.MemoryStore: ensureFreeSpace(3074) called with curMem=164002, maxMem=555755765
19/10/28 20:49:40 INFO storage.MemoryStore: Block broadcast_4_piece0 stored as bytes in memory (estimated size 3.0 KB, free 529.9 MB)
19/10/28 20:49:40 INFO storage.BlockManagerInfo: Added broadcast_4_piece0 in memory on 10.22.251.92:37705 (size: 3.0 KB, free: 530.0 MB)
19/10/28 20:49:40 INFO spark.SparkContext: Created broadcast 4 from broadcast at DAGScheduler.scala:861
19/10/28 20:49:40 INFO scheduler.DAGScheduler: Submitting 2 missing tasks from ShuffleMapStage 3 (MapPartitionsRDD[12] at flatMap at Partition.scala:46)
19/10/28 20:49:40 INFO scheduler.TaskSchedulerImpl: Adding task set 3.0 with 2 tasks
19/10/28 20:49:40 INFO scheduler.TaskSetManager: Starting task 0.0 in stage 3.0 (TID 6, 10.22.251.91, PROCESS_LOCAL, 1944 bytes)
19/10/28 20:49:40 INFO scheduler.TaskSetManager: Starting task 1.0 in stage 3.0 (TID 7, 10.22.251.77, PROCESS_LOCAL, 1944 bytes)
19/10/28 20:49:40 INFO storage.BlockManagerInfo: Added broadcast_4_piece0 in memory on 10.22.251.91:46325 (size: 3.0 KB, free: 530.0 MB)
19/10/28 20:49:40 INFO storage.BlockManagerInfo: Added broadcast_4_piece0 in memory on 10.22.251.77:40143 (size: 3.0 KB, free: 530.0 MB)
19/10/28 20:49:40 INFO spark.MapOutputTrackerMasterEndpoint: Asked to send map output locations for shuffle 4 to 10.22.251.91:45076
19/10/28 20:49:40 INFO spark.MapOutputTrackerMaster: Size of output statuses for shuffle 4 is 164 bytes
19/10/28 20:49:40 INFO spark.MapOutputTrackerMasterEndpoint: Asked to send map output locations for shuffle 4 to 10.22.251.77:38463
19/10/28 20:49:41 INFO scheduler.TaskSetManager: Finished task 1.0 in stage 3.0 (TID 7) in 957 ms on 10.22.251.77 (1/2)
19/10/28 20:49:41 INFO scheduler.TaskSetManager: Finished task 0.0 in stage 3.0 (TID 6) in 966 ms on 10.22.251.91 (2/2)
19/10/28 20:49:41 INFO scheduler.DAGScheduler: ShuffleMapStage 3 (flatMap at Partition.scala:46) finished in 0.966 s
19/10/28 20:49:41 INFO scheduler.DAGScheduler: looking for newly runnable stages
19/10/28 20:49:41 INFO scheduler.TaskSchedulerImpl: Removed TaskSet 3.0, whose tasks have all completed, from pool 
19/10/28 20:49:41 INFO scheduler.DAGScheduler: running: Set()
19/10/28 20:49:41 INFO scheduler.DAGScheduler: waiting: Set(ShuffleMapStage 5, ShuffleMapStage 6, ResultStage 7, ShuffleMapStage 4)
19/10/28 20:49:41 INFO scheduler.DAGScheduler: failed: Set()
19/10/28 20:49:41 INFO scheduler.DAGScheduler: Missing parents for ShuffleMapStage 5: List(ShuffleMapStage 4)
19/10/28 20:49:41 INFO scheduler.DAGScheduler: Missing parents for ShuffleMapStage 6: List(ShuffleMapStage 5)
19/10/28 20:49:41 INFO scheduler.DAGScheduler: Missing parents for ResultStage 7: List(ShuffleMapStage 6)
19/10/28 20:49:41 INFO scheduler.DAGScheduler: Missing parents for ShuffleMapStage 4: List()
19/10/28 20:49:41 INFO scheduler.DAGScheduler: Submitting ShuffleMapStage 4 (MapPartitionsRDD[15] at flatMap at Partition.scala:46), which is now runnable
19/10/28 20:49:41 INFO storage.MemoryStore: ensureFreeSpace(6480) called with curMem=167076, maxMem=555755765
19/10/28 20:49:41 INFO storage.MemoryStore: Block broadcast_5 stored as values in memory (estimated size 6.3 KB, free 529.8 MB)
19/10/28 20:49:41 INFO storage.MemoryStore: ensureFreeSpace(3166) called with curMem=173556, maxMem=555755765
19/10/28 20:49:41 INFO storage.MemoryStore: Block broadcast_5_piece0 stored as bytes in memory (estimated size 3.1 KB, free 529.8 MB)
19/10/28 20:49:41 INFO storage.BlockManagerInfo: Added broadcast_5_piece0 in memory on 10.22.251.92:37705 (size: 3.1 KB, free: 530.0 MB)
19/10/28 20:49:41 INFO spark.SparkContext: Created broadcast 5 from broadcast at DAGScheduler.scala:861
19/10/28 20:49:41 INFO scheduler.DAGScheduler: Submitting 2 missing tasks from ShuffleMapStage 4 (MapPartitionsRDD[15] at flatMap at Partition.scala:46)
19/10/28 20:49:41 INFO scheduler.TaskSchedulerImpl: Adding task set 4.0 with 2 tasks
19/10/28 20:49:41 INFO scheduler.TaskSetManager: Starting task 0.0 in stage 4.0 (TID 8, 10.22.251.92, PROCESS_LOCAL, 1944 bytes)
19/10/28 20:49:41 INFO scheduler.TaskSetManager: Starting task 1.0 in stage 4.0 (TID 9, 10.22.251.91, PROCESS_LOCAL, 1944 bytes)
19/10/28 20:49:41 INFO storage.BlockManagerInfo: Added broadcast_5_piece0 in memory on 10.22.251.91:46325 (size: 3.1 KB, free: 530.0 MB)
19/10/28 20:49:41 INFO storage.BlockManagerInfo: Added broadcast_5_piece0 in memory on 10.22.251.92:43959 (size: 3.1 KB, free: 530.0 MB)
19/10/28 20:49:41 INFO spark.MapOutputTrackerMasterEndpoint: Asked to send map output locations for shuffle 3 to 10.22.251.91:45076
19/10/28 20:49:41 INFO spark.MapOutputTrackerMaster: Size of output statuses for shuffle 3 is 164 bytes
19/10/28 20:49:41 INFO spark.MapOutputTrackerMasterEndpoint: Asked to send map output locations for shuffle 3 to 10.22.251.92:36392
19/10/28 20:49:43 INFO scheduler.TaskSetManager: Finished task 1.0 in stage 4.0 (TID 9) in 1578 ms on 10.22.251.91 (1/2)
19/10/28 20:49:43 INFO scheduler.TaskSetManager: Finished task 0.0 in stage 4.0 (TID 8) in 1868 ms on 10.22.251.92 (2/2)
19/10/28 20:49:43 INFO scheduler.DAGScheduler: ShuffleMapStage 4 (flatMap at Partition.scala:46) finished in 1.868 s
19/10/28 20:49:43 INFO scheduler.TaskSchedulerImpl: Removed TaskSet 4.0, whose tasks have all completed, from pool 
19/10/28 20:49:43 INFO scheduler.DAGScheduler: looking for newly runnable stages
19/10/28 20:49:43 INFO scheduler.DAGScheduler: running: Set()
19/10/28 20:49:43 INFO scheduler.DAGScheduler: waiting: Set(ShuffleMapStage 5, ShuffleMapStage 6, ResultStage 7)
19/10/28 20:49:43 INFO scheduler.DAGScheduler: failed: Set()
19/10/28 20:49:43 INFO scheduler.DAGScheduler: Missing parents for ShuffleMapStage 5: List()
19/10/28 20:49:43 INFO scheduler.DAGScheduler: Missing parents for ShuffleMapStage 6: List(ShuffleMapStage 5)
19/10/28 20:49:43 INFO scheduler.DAGScheduler: Missing parents for ResultStage 7: List(ShuffleMapStage 6)
19/10/28 20:49:43 INFO scheduler.DAGScheduler: Submitting ShuffleMapStage 5 (MapPartitionsRDD[18] at flatMap at Partition.scala:46), which is now runnable
19/10/28 20:49:43 INFO storage.MemoryStore: ensureFreeSpace(6816) called with curMem=176722, maxMem=555755765
19/10/28 20:49:43 INFO storage.MemoryStore: Block broadcast_6 stored as values in memory (estimated size 6.7 KB, free 529.8 MB)
19/10/28 20:49:43 INFO storage.MemoryStore: ensureFreeSpace(3235) called with curMem=183538, maxMem=555755765
19/10/28 20:49:43 INFO storage.MemoryStore: Block broadcast_6_piece0 stored as bytes in memory (estimated size 3.2 KB, free 529.8 MB)
19/10/28 20:49:43 INFO storage.BlockManagerInfo: Added broadcast_6_piece0 in memory on 10.22.251.92:37705 (size: 3.2 KB, free: 530.0 MB)
19/10/28 20:49:43 INFO spark.SparkContext: Created broadcast 6 from broadcast at DAGScheduler.scala:861
19/10/28 20:49:43 INFO scheduler.DAGScheduler: Submitting 2 missing tasks from ShuffleMapStage 5 (MapPartitionsRDD[18] at flatMap at Partition.scala:46)
19/10/28 20:49:43 INFO scheduler.TaskSchedulerImpl: Adding task set 5.0 with 2 tasks
19/10/28 20:49:43 INFO scheduler.TaskSetManager: Starting task 0.0 in stage 5.0 (TID 10, 10.22.251.77, PROCESS_LOCAL, 1944 bytes)
19/10/28 20:49:43 INFO scheduler.TaskSetManager: Starting task 1.0 in stage 5.0 (TID 11, 10.22.251.91, PROCESS_LOCAL, 1944 bytes)
19/10/28 20:49:43 INFO storage.BlockManagerInfo: Added broadcast_6_piece0 in memory on 10.22.251.77:40143 (size: 3.2 KB, free: 530.0 MB)
19/10/28 20:49:43 INFO storage.BlockManagerInfo: Added broadcast_6_piece0 in memory on 10.22.251.91:46325 (size: 3.2 KB, free: 530.0 MB)
19/10/28 20:49:43 INFO spark.MapOutputTrackerMasterEndpoint: Asked to send map output locations for shuffle 2 to 10.22.251.77:38463
19/10/28 20:49:43 INFO spark.MapOutputTrackerMaster: Size of output statuses for shuffle 2 is 164 bytes
19/10/28 20:49:43 INFO spark.MapOutputTrackerMasterEndpoint: Asked to send map output locations for shuffle 2 to 10.22.251.91:45076
19/10/28 20:49:45 INFO scheduler.TaskSetManager: Finished task 0.0 in stage 5.0 (TID 10) in 2160 ms on 10.22.251.77 (1/2)
19/10/28 20:49:45 INFO scheduler.TaskSetManager: Finished task 1.0 in stage 5.0 (TID 11) in 2190 ms on 10.22.251.91 (2/2)
19/10/28 20:49:45 INFO scheduler.DAGScheduler: ShuffleMapStage 5 (flatMap at Partition.scala:46) finished in 2.190 s
19/10/28 20:49:45 INFO scheduler.TaskSchedulerImpl: Removed TaskSet 5.0, whose tasks have all completed, from pool 
19/10/28 20:49:45 INFO scheduler.DAGScheduler: looking for newly runnable stages
19/10/28 20:49:45 INFO scheduler.DAGScheduler: running: Set()
19/10/28 20:49:45 INFO scheduler.DAGScheduler: waiting: Set(ShuffleMapStage 6, ResultStage 7)
19/10/28 20:49:45 INFO scheduler.DAGScheduler: failed: Set()
19/10/28 20:49:45 INFO scheduler.DAGScheduler: Missing parents for ShuffleMapStage 6: List()
19/10/28 20:49:45 INFO scheduler.DAGScheduler: Missing parents for ResultStage 7: List(ShuffleMapStage 6)
19/10/28 20:49:45 INFO scheduler.DAGScheduler: Submitting ShuffleMapStage 6 (MapPartitionsRDD[21] at map at Partition.scala:50), which is now runnable
19/10/28 20:49:45 INFO storage.MemoryStore: ensureFreeSpace(7256) called with curMem=186773, maxMem=555755765
19/10/28 20:49:45 INFO storage.MemoryStore: Block broadcast_7 stored as values in memory (estimated size 7.1 KB, free 529.8 MB)
19/10/28 20:49:45 INFO storage.MemoryStore: ensureFreeSpace(3360) called with curMem=194029, maxMem=555755765
19/10/28 20:49:45 INFO storage.MemoryStore: Block broadcast_7_piece0 stored as bytes in memory (estimated size 3.3 KB, free 529.8 MB)
19/10/28 20:49:45 INFO storage.BlockManagerInfo: Added broadcast_7_piece0 in memory on 10.22.251.92:37705 (size: 3.3 KB, free: 530.0 MB)
19/10/28 20:49:45 INFO spark.SparkContext: Created broadcast 7 from broadcast at DAGScheduler.scala:861
19/10/28 20:49:45 INFO scheduler.DAGScheduler: Submitting 2 missing tasks from ShuffleMapStage 6 (MapPartitionsRDD[21] at map at Partition.scala:50)
19/10/28 20:49:45 INFO scheduler.TaskSchedulerImpl: Adding task set 6.0 with 2 tasks
19/10/28 20:49:45 INFO scheduler.TaskSetManager: Starting task 0.0 in stage 6.0 (TID 12, 10.22.251.91, PROCESS_LOCAL, 1944 bytes)
19/10/28 20:49:45 INFO scheduler.TaskSetManager: Starting task 1.0 in stage 6.0 (TID 13, 10.22.251.92, PROCESS_LOCAL, 1944 bytes)
19/10/28 20:49:45 INFO storage.BlockManagerInfo: Added broadcast_7_piece0 in memory on 10.22.251.91:46325 (size: 3.3 KB, free: 530.0 MB)
19/10/28 20:49:45 INFO storage.BlockManagerInfo: Added broadcast_7_piece0 in memory on 10.22.251.92:43959 (size: 3.3 KB, free: 530.0 MB)
19/10/28 20:49:45 INFO spark.MapOutputTrackerMasterEndpoint: Asked to send map output locations for shuffle 1 to 10.22.251.91:45076
19/10/28 20:49:45 INFO spark.MapOutputTrackerMaster: Size of output statuses for shuffle 1 is 165 bytes
19/10/28 20:49:45 INFO spark.MapOutputTrackerMasterEndpoint: Asked to send map output locations for shuffle 1 to 10.22.251.92:36392
19/10/28 20:49:47 INFO scheduler.TaskSetManager: Finished task 0.0 in stage 6.0 (TID 12) in 1185 ms on 10.22.251.91 (1/2)
19/10/28 20:49:47 INFO scheduler.TaskSetManager: Finished task 1.0 in stage 6.0 (TID 13) in 1220 ms on 10.22.251.92 (2/2)
19/10/28 20:49:47 INFO scheduler.DAGScheduler: ShuffleMapStage 6 (map at Partition.scala:50) finished in 1.221 s
19/10/28 20:49:47 INFO scheduler.TaskSchedulerImpl: Removed TaskSet 6.0, whose tasks have all completed, from pool 
19/10/28 20:49:47 INFO scheduler.DAGScheduler: looking for newly runnable stages
19/10/28 20:49:47 INFO scheduler.DAGScheduler: running: Set()
19/10/28 20:49:47 INFO scheduler.DAGScheduler: waiting: Set(ResultStage 7)
19/10/28 20:49:47 INFO scheduler.DAGScheduler: failed: Set()
19/10/28 20:49:47 INFO scheduler.DAGScheduler: Missing parents for ResultStage 7: List()
19/10/28 20:49:47 INFO scheduler.DAGScheduler: Submitting ResultStage 7 (ShuffledRDD[22] at reduceByKey at Partition.scala:51), which is now runnable
19/10/28 20:49:47 INFO storage.MemoryStore: ensureFreeSpace(2280) called with curMem=197389, maxMem=555755765
19/10/28 20:49:47 INFO storage.MemoryStore: Block broadcast_8 stored as values in memory (estimated size 2.2 KB, free 529.8 MB)
19/10/28 20:49:47 INFO storage.MemoryStore: ensureFreeSpace(1369) called with curMem=199669, maxMem=555755765
19/10/28 20:49:47 INFO storage.MemoryStore: Block broadcast_8_piece0 stored as bytes in memory (estimated size 1369.0 B, free 529.8 MB)
19/10/28 20:49:47 INFO storage.BlockManagerInfo: Added broadcast_8_piece0 in memory on 10.22.251.92:37705 (size: 1369.0 B, free: 530.0 MB)
19/10/28 20:49:47 INFO spark.SparkContext: Created broadcast 8 from broadcast at DAGScheduler.scala:861
19/10/28 20:49:47 INFO scheduler.DAGScheduler: Submitting 2 missing tasks from ResultStage 7 (ShuffledRDD[22] at reduceByKey at Partition.scala:51)
19/10/28 20:49:47 INFO scheduler.TaskSchedulerImpl: Adding task set 7.0 with 2 tasks
19/10/28 20:49:47 INFO scheduler.TaskSetManager: Starting task 0.0 in stage 7.0 (TID 14, 10.22.251.91, PROCESS_LOCAL, 1955 bytes)
19/10/28 20:49:47 INFO scheduler.TaskSetManager: Starting task 1.0 in stage 7.0 (TID 15, 10.22.251.77, PROCESS_LOCAL, 1955 bytes)
19/10/28 20:49:47 INFO storage.BlockManagerInfo: Added broadcast_8_piece0 in memory on 10.22.251.77:40143 (size: 1369.0 B, free: 530.0 MB)
19/10/28 20:49:47 INFO storage.BlockManagerInfo: Added broadcast_8_piece0 in memory on 10.22.251.91:46325 (size: 1369.0 B, free: 530.0 MB)
19/10/28 20:49:47 INFO spark.MapOutputTrackerMasterEndpoint: Asked to send map output locations for shuffle 0 to 10.22.251.91:45076
19/10/28 20:49:47 INFO spark.MapOutputTrackerMaster: Size of output statuses for shuffle 0 is 160 bytes
19/10/28 20:49:47 INFO spark.MapOutputTrackerMasterEndpoint: Asked to send map output locations for shuffle 0 to 10.22.251.77:38463
19/10/28 20:49:47 INFO scheduler.TaskSetManager: Finished task 0.0 in stage 7.0 (TID 14) in 20 ms on 10.22.251.91 (1/2)
19/10/28 20:49:47 INFO scheduler.TaskSetManager: Finished task 1.0 in stage 7.0 (TID 15) in 20 ms on 10.22.251.77 (2/2)
19/10/28 20:49:47 INFO scheduler.DAGScheduler: ResultStage 7 (collect at Partition.scala:52) finished in 0.022 s
19/10/28 20:49:47 INFO scheduler.TaskSchedulerImpl: Removed TaskSet 7.0, whose tasks have all completed, from pool 
19/10/28 20:49:47 INFO scheduler.DAGScheduler: Job 0 finished: collect at Partition.scala:52, took 10.839614 s
(85396,8424)
(21958,13287)
(40720,6087)
(32616,15023)
(59780,7323)
(67668,8929)
(24310,4625)
(29,11199)
(9943,7139)
(81217,7769)
(10147,10195)
19/10/28 20:49:47 INFO handler.ContextHandler: stopped o.s.j.s.ServletContextHandler{/metrics/json,null}
19/10/28 20:49:47 INFO handler.ContextHandler: stopped o.s.j.s.ServletContextHandler{/stages/stage/kill,null}
19/10/28 20:49:47 INFO handler.ContextHandler: stopped o.s.j.s.ServletContextHandler{/api,null}
19/10/28 20:49:47 INFO handler.ContextHandler: stopped o.s.j.s.ServletContextHandler{/,null}
19/10/28 20:49:47 INFO handler.ContextHandler: stopped o.s.j.s.ServletContextHandler{/static,null}
19/10/28 20:49:47 INFO handler.ContextHandler: stopped o.s.j.s.ServletContextHandler{/executors/threadDump/json,null}
19/10/28 20:49:47 INFO handler.ContextHandler: stopped o.s.j.s.ServletContextHandler{/executors/threadDump,null}
19/10/28 20:49:47 INFO handler.ContextHandler: stopped o.s.j.s.ServletContextHandler{/executors/json,null}
19/10/28 20:49:47 INFO handler.ContextHandler: stopped o.s.j.s.ServletContextHandler{/executors,null}
19/10/28 20:49:47 INFO handler.ContextHandler: stopped o.s.j.s.ServletContextHandler{/environment/json,null}
19/10/28 20:49:47 INFO handler.ContextHandler: stopped o.s.j.s.ServletContextHandler{/environment,null}
19/10/28 20:49:47 INFO handler.ContextHandler: stopped o.s.j.s.ServletContextHandler{/storage/rdd/json,null}
19/10/28 20:49:47 INFO handler.ContextHandler: stopped o.s.j.s.ServletContextHandler{/storage/rdd,null}
19/10/28 20:49:47 INFO handler.ContextHandler: stopped o.s.j.s.ServletContextHandler{/storage/json,null}
19/10/28 20:49:47 INFO handler.ContextHandler: stopped o.s.j.s.ServletContextHandler{/storage,null}
19/10/28 20:49:47 INFO handler.ContextHandler: stopped o.s.j.s.ServletContextHandler{/stages/pool/json,null}
19/10/28 20:49:47 INFO handler.ContextHandler: stopped o.s.j.s.ServletContextHandler{/stages/pool,null}
19/10/28 20:49:47 INFO handler.ContextHandler: stopped o.s.j.s.ServletContextHandler{/stages/stage/json,null}
19/10/28 20:49:47 INFO handler.ContextHandler: stopped o.s.j.s.ServletContextHandler{/stages/stage,null}
19/10/28 20:49:47 INFO handler.ContextHandler: stopped o.s.j.s.ServletContextHandler{/stages/json,null}
19/10/28 20:49:47 INFO handler.ContextHandler: stopped o.s.j.s.ServletContextHandler{/stages,null}
19/10/28 20:49:47 INFO handler.ContextHandler: stopped o.s.j.s.ServletContextHandler{/jobs/job/json,null}
19/10/28 20:49:47 INFO handler.ContextHandler: stopped o.s.j.s.ServletContextHandler{/jobs/job,null}
19/10/28 20:49:47 INFO handler.ContextHandler: stopped o.s.j.s.ServletContextHandler{/jobs/json,null}
19/10/28 20:49:47 INFO handler.ContextHandler: stopped o.s.j.s.ServletContextHandler{/jobs,null}
19/10/28 20:49:47 INFO ui.SparkUI: Stopped Spark web UI at http://10.22.251.92:4040
19/10/28 20:49:47 INFO scheduler.DAGScheduler: Stopping DAGScheduler
19/10/28 20:49:47 INFO cluster.SparkDeploySchedulerBackend: Shutting down all executors
19/10/28 20:49:47 INFO cluster.SparkDeploySchedulerBackend: Asking each executor to shut down
19/10/28 20:49:47 INFO spark.MapOutputTrackerMasterEndpoint: MapOutputTrackerMasterEndpoint stopped!
19/10/28 20:49:47 INFO storage.MemoryStore: MemoryStore cleared
19/10/28 20:49:47 INFO storage.BlockManager: BlockManager stopped
19/10/28 20:49:47 INFO storage.BlockManagerMaster: BlockManagerMaster stopped
19/10/28 20:49:47 INFO scheduler.OutputCommitCoordinator$OutputCommitCoordinatorEndpoint: OutputCommitCoordinator stopped!
19/10/28 20:49:47 INFO spark.SparkContext: Successfully stopped SparkContext
19/10/28 20:49:47 INFO remote.RemoteActorRefProvider$RemotingTerminator: Shutting down remote daemon.
19/10/28 20:49:47 INFO util.ShutdownHookManager: Shutdown hook called
19/10/28 20:49:47 INFO remote.RemoteActorRefProvider$RemotingTerminator: Remote daemon shut down; proceeding with flushing remote transports.
19/10/28 20:49:47 INFO util.ShutdownHookManager: Deleting directory /tmp/spark-99778411-9fb9-4e01-8d14-9922c401fac8
stopping yarn daemons
stopping resourcemanager
comet-18-35.ibnet: stopping nodemanager
comet-18-50.ibnet: stopping nodemanager
comet-18-36.ibnet: stopping nodemanager
no proxyserver to stop
19/10/28 20:49:58 WARN util.NativeCodeLoader: Unable to load native-hadoop library for your platform... using builtin-java classes where applicable
Stopping namenodes on [comet-18-35.ibnet]
comet-18-35.ibnet: stopping namenode
comet-18-35.ibnet: stopping datanode
comet-18-50.ibnet: stopping datanode
comet-18-36.ibnet: stopping datanode
Stopping secondary namenodes [comet-18-35.ibnet]
comet-18-35.ibnet: stopping secondarynamenode
19/10/28 20:50:16 WARN util.NativeCodeLoader: Unable to load native-hadoop library for your platform... using builtin-java classes where applicable
Copying Hadoop logs back to /home/mxh6295/cometcluster/logs...
`/scratch/mxh6295/27672349/logs' -> `/home/mxh6295/cometcluster/logs'
`/scratch/mxh6295/27672349/logs/hadoop-mxh6295-datanode-comet-18-35.sdsc.edu.log' -> `/home/mxh6295/cometcluster/logs/hadoop-mxh6295-datanode-comet-18-35.sdsc.edu.log'
`/scratch/mxh6295/27672349/logs/spark-mxh6295-org.apache.spark.deploy.worker.Worker-1-comet-18-35.sdsc.edu.out' -> `/home/mxh6295/cometcluster/logs/spark-mxh6295-org.apache.spark.deploy.worker.Worker-1-comet-18-35.sdsc.edu.out'
`/scratch/mxh6295/27672349/logs/yarn-mxh6295-resourcemanager-comet-18-35.out' -> `/home/mxh6295/cometcluster/logs/yarn-mxh6295-resourcemanager-comet-18-35.out'
`/scratch/mxh6295/27672349/logs/hadoop-mxh6295-namenode-comet-18-35.sdsc.edu.log' -> `/home/mxh6295/cometcluster/logs/hadoop-mxh6295-namenode-comet-18-35.sdsc.edu.log'
`/scratch/mxh6295/27672349/logs/userlogs' -> `/home/mxh6295/cometcluster/logs/userlogs'
`/scratch/mxh6295/27672349/logs/SecurityAuth-mxh6295.audit' -> `/home/mxh6295/cometcluster/logs/SecurityAuth-mxh6295.audit'
`/scratch/mxh6295/27672349/logs/yarn-mxh6295-nodemanager-comet-18-35.sdsc.edu.out' -> `/home/mxh6295/cometcluster/logs/yarn-mxh6295-nodemanager-comet-18-35.sdsc.edu.out'
`/scratch/mxh6295/27672349/logs/hadoop-mxh6295-secondarynamenode-comet-18-35.sdsc.edu.out' -> `/home/mxh6295/cometcluster/logs/hadoop-mxh6295-secondarynamenode-comet-18-35.sdsc.edu.out'
`/scratch/mxh6295/27672349/logs/yarn-mxh6295-nodemanager-comet-18-35.sdsc.edu.log' -> `/home/mxh6295/cometcluster/logs/yarn-mxh6295-nodemanager-comet-18-35.sdsc.edu.log'
`/scratch/mxh6295/27672349/logs/hadoop-mxh6295-secondarynamenode-comet-18-35.sdsc.edu.log' -> `/home/mxh6295/cometcluster/logs/hadoop-mxh6295-secondarynamenode-comet-18-35.sdsc.edu.log'
`/scratch/mxh6295/27672349/logs/hadoop-mxh6295-namenode-comet-18-35.sdsc.edu.out' -> `/home/mxh6295/cometcluster/logs/hadoop-mxh6295-namenode-comet-18-35.sdsc.edu.out'
`/scratch/mxh6295/27672349/logs/spark-mxh6295-org.apache.spark.deploy.master.Master-1-comet-18-35.out' -> `/home/mxh6295/cometcluster/logs/spark-mxh6295-org.apache.spark.deploy.master.Master-1-comet-18-35.out'
`/scratch/mxh6295/27672349/logs/yarn-mxh6295-resourcemanager-comet-18-35.log' -> `/home/mxh6295/cometcluster/logs/yarn-mxh6295-resourcemanager-comet-18-35.log'
`/scratch/mxh6295/27672349/logs/hadoop-mxh6295-datanode-comet-18-35.sdsc.edu.out' -> `/home/mxh6295/cometcluster/logs/hadoop-mxh6295-datanode-comet-18-35.sdsc.edu.out'
removed directory: `/scratch/mxh6295/27672349/mapred_scratch/filecache'
removed directory: `/scratch/mxh6295/27672349/mapred_scratch/usercache'
removed directory: `/scratch/mxh6295/27672349/mapred_scratch/nmPrivate'
removed directory: `/scratch/mxh6295/27672349/mapred_scratch'
removed directory: `/scratch/mxh6295/27672349/tmp/dfs/namesecondary'
removed directory: `/scratch/mxh6295/27672349/tmp/dfs'
removed directory: `/scratch/mxh6295/27672349/tmp'
removed `/scratch/mxh6295/27672349/namenode_data/current/fsimage_0000000000000000000'
removed `/scratch/mxh6295/27672349/namenode_data/current/fsimage_0000000000000000000.md5'
removed `/scratch/mxh6295/27672349/namenode_data/current/VERSION'
removed `/scratch/mxh6295/27672349/namenode_data/current/seen_txid'
removed `/scratch/mxh6295/27672349/namenode_data/current/edits_inprogress_0000000000000000001'
removed directory: `/scratch/mxh6295/27672349/namenode_data/current'
removed directory: `/scratch/mxh6295/27672349/namenode_data'
removed directory: `/scratch/mxh6295/27672349/hdfs_data/current/BP-149520184-198.202.117.55-1572320942527/tmp'
removed `/scratch/mxh6295/27672349/hdfs_data/current/BP-149520184-198.202.117.55-1572320942527/dncp_block_verification.log.curr'
removed `/scratch/mxh6295/27672349/hdfs_data/current/BP-149520184-198.202.117.55-1572320942527/current/VERSION'
removed directory: `/scratch/mxh6295/27672349/hdfs_data/current/BP-149520184-198.202.117.55-1572320942527/current/rbw'
removed `/scratch/mxh6295/27672349/hdfs_data/current/BP-149520184-198.202.117.55-1572320942527/current/finalized/subdir0/subdir0/blk_1073741825'
removed `/scratch/mxh6295/27672349/hdfs_data/current/BP-149520184-198.202.117.55-1572320942527/current/finalized/subdir0/subdir0/blk_1073741825_1001.meta'
removed directory: `/scratch/mxh6295/27672349/hdfs_data/current/BP-149520184-198.202.117.55-1572320942527/current/finalized/subdir0/subdir0'
removed directory: `/scratch/mxh6295/27672349/hdfs_data/current/BP-149520184-198.202.117.55-1572320942527/current/finalized/subdir0'
removed directory: `/scratch/mxh6295/27672349/hdfs_data/current/BP-149520184-198.202.117.55-1572320942527/current/finalized'
removed `/scratch/mxh6295/27672349/hdfs_data/current/BP-149520184-198.202.117.55-1572320942527/current/dfsUsed'
removed directory: `/scratch/mxh6295/27672349/hdfs_data/current/BP-149520184-198.202.117.55-1572320942527/current'
removed `/scratch/mxh6295/27672349/hdfs_data/current/BP-149520184-198.202.117.55-1572320942527/dncp_block_verification.log.prev'
removed directory: `/scratch/mxh6295/27672349/hdfs_data/current/BP-149520184-198.202.117.55-1572320942527'
removed `/scratch/mxh6295/27672349/hdfs_data/current/VERSION'
removed directory: `/scratch/mxh6295/27672349/hdfs_data/current'
removed directory: `/scratch/mxh6295/27672349/hdfs_data'
removed directory: `/scratch/mxh6295/27672349/pids'
removed `/scratch/mxh6295/27672349/logs/hadoop-mxh6295-datanode-comet-18-35.sdsc.edu.log'
removed `/scratch/mxh6295/27672349/logs/spark-mxh6295-org.apache.spark.deploy.worker.Worker-1-comet-18-35.sdsc.edu.out'
removed `/scratch/mxh6295/27672349/logs/yarn-mxh6295-resourcemanager-comet-18-35.out'
removed `/scratch/mxh6295/27672349/logs/hadoop-mxh6295-namenode-comet-18-35.sdsc.edu.log'
removed directory: `/scratch/mxh6295/27672349/logs/userlogs'
removed `/scratch/mxh6295/27672349/logs/SecurityAuth-mxh6295.audit'
removed `/scratch/mxh6295/27672349/logs/yarn-mxh6295-nodemanager-comet-18-35.sdsc.edu.out'
removed `/scratch/mxh6295/27672349/logs/hadoop-mxh6295-secondarynamenode-comet-18-35.sdsc.edu.out'
removed `/scratch/mxh6295/27672349/logs/yarn-mxh6295-nodemanager-comet-18-35.sdsc.edu.log'
removed `/scratch/mxh6295/27672349/logs/hadoop-mxh6295-secondarynamenode-comet-18-35.sdsc.edu.log'
removed `/scratch/mxh6295/27672349/logs/hadoop-mxh6295-namenode-comet-18-35.sdsc.edu.out'
removed `/scratch/mxh6295/27672349/logs/spark-mxh6295-org.apache.spark.deploy.master.Master-1-comet-18-35.out'
removed `/scratch/mxh6295/27672349/logs/yarn-mxh6295-resourcemanager-comet-18-35.log'
removed `/scratch/mxh6295/27672349/logs/hadoop-mxh6295-datanode-comet-18-35.sdsc.edu.out'
removed directory: `/scratch/mxh6295/27672349/logs'
removed directory: `/scratch/mxh6295/27672349/mapred_scratch/filecache'
removed directory: `/scratch/mxh6295/27672349/mapred_scratch/nmPrivate'
removed directory: `/scratch/mxh6295/27672349/mapred_scratch/usercache'
removed directory: `/scratch/mxh6295/27672349/mapred_scratch'
removed directory: `/scratch/mxh6295/27672349/hdfs_data/current/BP-149520184-198.202.117.55-1572320942527/tmp'
removed `/scratch/mxh6295/27672349/hdfs_data/current/BP-149520184-198.202.117.55-1572320942527/dncp_block_verification.log.prev'
removed `/scratch/mxh6295/27672349/hdfs_data/current/BP-149520184-198.202.117.55-1572320942527/current/VERSION'
removed `/scratch/mxh6295/27672349/hdfs_data/current/BP-149520184-198.202.117.55-1572320942527/current/dfsUsed'
removed directory: `/scratch/mxh6295/27672349/hdfs_data/current/BP-149520184-198.202.117.55-1572320942527/current/rbw'
removed `/scratch/mxh6295/27672349/hdfs_data/current/BP-149520184-198.202.117.55-1572320942527/current/finalized/subdir0/subdir0/blk_1073741825_1001.meta'
removed `/scratch/mxh6295/27672349/hdfs_data/current/BP-149520184-198.202.117.55-1572320942527/current/finalized/subdir0/subdir0/blk_1073741825'
removed directory: `/scratch/mxh6295/27672349/hdfs_data/current/BP-149520184-198.202.117.55-1572320942527/current/finalized/subdir0/subdir0'
removed directory: `/scratch/mxh6295/27672349/hdfs_data/current/BP-149520184-198.202.117.55-1572320942527/current/finalized/subdir0'
removed directory: `/scratch/mxh6295/27672349/hdfs_data/current/BP-149520184-198.202.117.55-1572320942527/current/finalized'
removed directory: `/scratch/mxh6295/27672349/hdfs_data/current/BP-149520184-198.202.117.55-1572320942527/current'
removed `/scratch/mxh6295/27672349/hdfs_data/current/BP-149520184-198.202.117.55-1572320942527/dncp_block_verification.log.curr'
removed directory: `/scratch/mxh6295/27672349/hdfs_data/current/BP-149520184-198.202.117.55-1572320942527'
removed `/scratch/mxh6295/27672349/hdfs_data/current/VERSION'
removed directory: `/scratch/mxh6295/27672349/hdfs_data/current'
removed directory: `/scratch/mxh6295/27672349/hdfs_data'
removed directory: `/scratch/mxh6295/27672349/pids'
removed `/scratch/mxh6295/27672349/logs/yarn-mxh6295-nodemanager-comet-18-36.sdsc.edu.log'
removed `/scratch/mxh6295/27672349/logs/hadoop-mxh6295-datanode-comet-18-36.sdsc.edu.log'
removed `/scratch/mxh6295/27672349/logs/SecurityAuth-mxh6295.audit'
removed directory: `/scratch/mxh6295/27672349/logs/userlogs'
removed `/scratch/mxh6295/27672349/logs/spark-mxh6295-org.apache.spark.deploy.worker.Worker-1-comet-18-36.sdsc.edu.out'
removed `/scratch/mxh6295/27672349/logs/hadoop-mxh6295-datanode-comet-18-36.sdsc.edu.out'
removed `/scratch/mxh6295/27672349/logs/yarn-mxh6295-nodemanager-comet-18-36.sdsc.edu.out'
removed directory: `/scratch/mxh6295/27672349/logs'
removed directory: `/scratch/mxh6295/27672349/mapred_scratch/filecache'
removed directory: `/scratch/mxh6295/27672349/mapred_scratch/nmPrivate'
removed directory: `/scratch/mxh6295/27672349/mapred_scratch/usercache'
removed directory: `/scratch/mxh6295/27672349/mapred_scratch'
removed `/scratch/mxh6295/27672349/hdfs_data/current/BP-149520184-198.202.117.55-1572320942527/dncp_block_verification.log.prev'
removed directory: `/scratch/mxh6295/27672349/hdfs_data/current/BP-149520184-198.202.117.55-1572320942527/tmp'
removed `/scratch/mxh6295/27672349/hdfs_data/current/BP-149520184-198.202.117.55-1572320942527/current/finalized/subdir0/subdir0/blk_1073741825_1001.meta'
removed `/scratch/mxh6295/27672349/hdfs_data/current/BP-149520184-198.202.117.55-1572320942527/current/finalized/subdir0/subdir0/blk_1073741825'
removed directory: `/scratch/mxh6295/27672349/hdfs_data/current/BP-149520184-198.202.117.55-1572320942527/current/finalized/subdir0/subdir0'
removed directory: `/scratch/mxh6295/27672349/hdfs_data/current/BP-149520184-198.202.117.55-1572320942527/current/finalized/subdir0'
removed directory: `/scratch/mxh6295/27672349/hdfs_data/current/BP-149520184-198.202.117.55-1572320942527/current/finalized'
removed `/scratch/mxh6295/27672349/hdfs_data/current/BP-149520184-198.202.117.55-1572320942527/current/VERSION'
removed `/scratch/mxh6295/27672349/hdfs_data/current/BP-149520184-198.202.117.55-1572320942527/current/dfsUsed'
removed directory: `/scratch/mxh6295/27672349/hdfs_data/current/BP-149520184-198.202.117.55-1572320942527/current/rbw'
removed directory: `/scratch/mxh6295/27672349/hdfs_data/current/BP-149520184-198.202.117.55-1572320942527/current'
removed `/scratch/mxh6295/27672349/hdfs_data/current/BP-149520184-198.202.117.55-1572320942527/dncp_block_verification.log.curr'
removed directory: `/scratch/mxh6295/27672349/hdfs_data/current/BP-149520184-198.202.117.55-1572320942527'
removed `/scratch/mxh6295/27672349/hdfs_data/current/VERSION'
removed directory: `/scratch/mxh6295/27672349/hdfs_data/current'
removed directory: `/scratch/mxh6295/27672349/hdfs_data'
removed directory: `/scratch/mxh6295/27672349/pids'
removed `/scratch/mxh6295/27672349/logs/yarn-mxh6295-nodemanager-comet-18-50.sdsc.edu.out'
removed `/scratch/mxh6295/27672349/logs/SecurityAuth-mxh6295.audit'
removed `/scratch/mxh6295/27672349/logs/hadoop-mxh6295-datanode-comet-18-50.sdsc.edu.log'
removed `/scratch/mxh6295/27672349/logs/hadoop-mxh6295-datanode-comet-18-50.sdsc.edu.out'
removed `/scratch/mxh6295/27672349/logs/spark-mxh6295-org.apache.spark.deploy.worker.Worker-1-comet-18-50.sdsc.edu.out'
removed directory: `/scratch/mxh6295/27672349/logs/userlogs'
removed `/scratch/mxh6295/27672349/logs/yarn-mxh6295-nodemanager-comet-18-50.sdsc.edu.log'
removed directory: `/scratch/mxh6295/27672349/logs'
removed directory: `/tmp/Jetty_comet.18.35_ibnet_50090_secondary____b5x4y6/.active'
removed directory: `/tmp/Jetty_comet.18.35_ibnet_50090_secondary____b5x4y6/jsp'
removed directory: `/tmp/Jetty_comet.18.35_ibnet_50090_secondary____b5x4y6'
removed directory: `/tmp/Jetty_0_0_0_0_50070_hdfs____w2cu08_4204327493693530286/.active'
removed directory: `/tmp/Jetty_0_0_0_0_50070_hdfs____w2cu08_4204327493693530286/jsp'
removed directory: `/tmp/Jetty_0_0_0_0_50070_hdfs____w2cu08_4204327493693530286'
removed directory: `/tmp/Jetty_0_0_0_0_50075_datanode____hwtdwq_874458885752380276/.active'
removed directory: `/tmp/Jetty_0_0_0_0_50075_datanode____hwtdwq_874458885752380276/jsp'
removed directory: `/tmp/Jetty_0_0_0_0_50075_datanode____hwtdwq_874458885752380276'
