Using Spark's default log4j profile: org/apache/spark/log4j-defaults.properties
19/10/28 21:19:18 INFO SparkContext: Running Spark version 1.5.2
19/10/28 21:19:19 WARN NativeCodeLoader: Unable to load native-hadoop library for your platform... using builtin-java classes where applicable
19/10/28 21:19:19 INFO SecurityManager: Changing view acls to: mxh6295
19/10/28 21:19:19 INFO SecurityManager: Changing modify acls to: mxh6295
19/10/28 21:19:19 INFO SecurityManager: SecurityManager: authentication disabled; ui acls disabled; users with view permissions: Set(mxh6295); users with modify permissions: Set(mxh6295)
19/10/28 21:19:20 INFO Slf4jLogger: Slf4jLogger started
19/10/28 21:19:20 INFO Remoting: Starting remoting
19/10/28 21:19:20 INFO Remoting: Remoting started; listening on addresses :[akka.tcp://sparkDriver@198.202.112.86:34646]
19/10/28 21:19:20 INFO Utils: Successfully started service 'sparkDriver' on port 34646.
19/10/28 21:19:20 INFO SparkEnv: Registering MapOutputTracker
19/10/28 21:19:20 INFO SparkEnv: Registering BlockManagerMaster
19/10/28 21:19:20 INFO DiskBlockManager: Created local directory at /tmp/blockmgr-73cbfa6f-f0a5-4026-af10-6c469ef69c19
19/10/28 21:19:20 INFO MemoryStore: MemoryStore started with capacity 530.0 MB
19/10/28 21:19:20 INFO HttpFileServer: HTTP File server directory is /tmp/spark-a23c7e25-c33d-4e1f-8a84-4c801155d9d8/httpd-a1161a83-c58e-4876-9c57-05234652fabd
19/10/28 21:19:20 INFO HttpServer: Starting HTTP Server
19/10/28 21:19:20 INFO Utils: Successfully started service 'HTTP file server' on port 36522.
19/10/28 21:19:20 INFO SparkEnv: Registering OutputCommitCoordinator
19/10/28 21:19:20 INFO Utils: Successfully started service 'SparkUI' on port 4040.
19/10/28 21:19:20 INFO SparkUI: Started SparkUI at http://198.202.112.86:4040
19/10/28 21:19:20 INFO SparkContext: Added JAR file:/home/mxh6295/project5/partition.jar at http://198.202.112.86:36522/jars/partition.jar with timestamp 1572322760843
19/10/28 21:19:20 WARN MetricsSystem: Using default name DAGScheduler for source because spark.app.id is not set.
19/10/28 21:19:20 INFO Executor: Starting executor ID driver on host localhost
19/10/28 21:19:21 INFO Utils: Successfully started service 'org.apache.spark.network.netty.NettyBlockTransferService' on port 33930.
19/10/28 21:19:21 INFO NettyBlockTransferService: Server created on 33930
19/10/28 21:19:21 INFO BlockManagerMaster: Trying to register BlockManager
19/10/28 21:19:21 INFO BlockManagerMasterEndpoint: Registering block manager localhost:33930 with 530.0 MB RAM, BlockManagerId(driver, localhost, 33930)
19/10/28 21:19:21 INFO BlockManagerMaster: Registered BlockManager
19/10/28 21:19:22 INFO MemoryStore: ensureFreeSpace(120040) called with curMem=0, maxMem=555755765
19/10/28 21:19:22 INFO MemoryStore: Block broadcast_0 stored as values in memory (estimated size 117.2 KB, free 529.9 MB)
19/10/28 21:19:22 INFO MemoryStore: ensureFreeSpace(12673) called with curMem=120040, maxMem=555755765
19/10/28 21:19:22 INFO MemoryStore: Block broadcast_0_piece0 stored as bytes in memory (estimated size 12.4 KB, free 529.9 MB)
19/10/28 21:19:22 INFO BlockManagerInfo: Added broadcast_0_piece0 in memory on localhost:33930 (size: 12.4 KB, free: 530.0 MB)
19/10/28 21:19:22 INFO SparkContext: Created broadcast 0 from textFile at Partition.scala:43
19/10/28 21:19:22 INFO FileInputFormat: Total input paths to process : 1
19/10/28 21:19:22 INFO SparkContext: Starting job: collect at Partition.scala:52
19/10/28 21:19:22 INFO DAGScheduler: Registering RDD 3 (flatMap at Partition.scala:46)
19/10/28 21:19:22 INFO DAGScheduler: Registering RDD 6 (flatMap at Partition.scala:46)
19/10/28 21:19:22 INFO DAGScheduler: Registering RDD 9 (flatMap at Partition.scala:46)
19/10/28 21:19:22 INFO DAGScheduler: Registering RDD 12 (flatMap at Partition.scala:46)
19/10/28 21:19:22 INFO DAGScheduler: Registering RDD 15 (flatMap at Partition.scala:46)
19/10/28 21:19:22 INFO DAGScheduler: Registering RDD 18 (flatMap at Partition.scala:46)
19/10/28 21:19:22 INFO DAGScheduler: Registering RDD 21 (flatMap at Partition.scala:46)
19/10/28 21:19:22 INFO DAGScheduler: Registering RDD 24 (flatMap at Partition.scala:46)
19/10/28 21:19:22 INFO DAGScheduler: Registering RDD 27 (flatMap at Partition.scala:46)
19/10/28 21:19:22 INFO DAGScheduler: Registering RDD 30 (flatMap at Partition.scala:46)
19/10/28 21:19:22 INFO DAGScheduler: Registering RDD 33 (flatMap at Partition.scala:46)
19/10/28 21:19:22 INFO DAGScheduler: Registering RDD 36 (flatMap at Partition.scala:46)
19/10/28 21:19:22 INFO DAGScheduler: Registering RDD 39 (map at Partition.scala:50)
19/10/28 21:19:22 INFO DAGScheduler: Got job 0 (collect at Partition.scala:52) with 2 output partitions
19/10/28 21:19:22 INFO DAGScheduler: Final stage: ResultStage 13(collect at Partition.scala:52)
19/10/28 21:19:22 INFO DAGScheduler: Parents of final stage: List(ShuffleMapStage 12)
19/10/28 21:19:22 INFO DAGScheduler: Missing parents: List(ShuffleMapStage 12)
19/10/28 21:19:22 INFO DAGScheduler: Submitting ShuffleMapStage 0 (MapPartitionsRDD[3] at flatMap at Partition.scala:46), which has no missing parents
19/10/28 21:19:22 INFO MemoryStore: ensureFreeSpace(4920) called with curMem=132713, maxMem=555755765
19/10/28 21:19:22 INFO MemoryStore: Block broadcast_1 stored as values in memory (estimated size 4.8 KB, free 529.9 MB)
19/10/28 21:19:22 INFO MemoryStore: ensureFreeSpace(2632) called with curMem=137633, maxMem=555755765
19/10/28 21:19:22 INFO MemoryStore: Block broadcast_1_piece0 stored as bytes in memory (estimated size 2.6 KB, free 529.9 MB)
19/10/28 21:19:22 INFO BlockManagerInfo: Added broadcast_1_piece0 in memory on localhost:33930 (size: 2.6 KB, free: 530.0 MB)
19/10/28 21:19:22 INFO SparkContext: Created broadcast 1 from broadcast at DAGScheduler.scala:861
19/10/28 21:19:22 INFO DAGScheduler: Submitting 2 missing tasks from ShuffleMapStage 0 (MapPartitionsRDD[3] at flatMap at Partition.scala:46)
19/10/28 21:19:22 INFO TaskSchedulerImpl: Adding task set 0.0 with 2 tasks
19/10/28 21:19:22 INFO TaskSetManager: Starting task 0.0 in stage 0.0 (TID 0, localhost, PROCESS_LOCAL, 2197 bytes)
19/10/28 21:19:22 INFO TaskSetManager: Starting task 1.0 in stage 0.0 (TID 1, localhost, PROCESS_LOCAL, 2197 bytes)
19/10/28 21:19:22 INFO Executor: Running task 1.0 in stage 0.0 (TID 1)
19/10/28 21:19:22 INFO Executor: Fetching http://198.202.112.86:36522/jars/partition.jar with timestamp 1572322760843
19/10/28 21:19:22 INFO Executor: Running task 0.0 in stage 0.0 (TID 0)
19/10/28 21:19:23 INFO Utils: Fetching http://198.202.112.86:36522/jars/partition.jar to /tmp/spark-a23c7e25-c33d-4e1f-8a84-4c801155d9d8/userFiles-cf3dbf98-677b-46ab-afc3-cb18f3600055/fetchFileTemp1568547780422391724.tmp
19/10/28 21:19:23 INFO Executor: Adding file:/tmp/spark-a23c7e25-c33d-4e1f-8a84-4c801155d9d8/userFiles-cf3dbf98-677b-46ab-afc3-cb18f3600055/partition.jar to class loader
19/10/28 21:19:23 INFO HadoopRDD: Input split: file:/home/mxh6295/project5/small-graph.txt:1770+1771
19/10/28 21:19:23 INFO HadoopRDD: Input split: file:/home/mxh6295/project5/small-graph.txt:0+1770
19/10/28 21:19:23 INFO deprecation: mapred.tip.id is deprecated. Instead, use mapreduce.task.id
19/10/28 21:19:23 INFO deprecation: mapred.task.id is deprecated. Instead, use mapreduce.task.attempt.id
19/10/28 21:19:23 INFO deprecation: mapred.task.is.map is deprecated. Instead, use mapreduce.task.ismap
19/10/28 21:19:23 INFO deprecation: mapred.task.partition is deprecated. Instead, use mapreduce.task.partition
19/10/28 21:19:23 INFO deprecation: mapred.job.id is deprecated. Instead, use mapreduce.job.id
19/10/28 21:19:23 INFO Executor: Finished task 1.0 in stage 0.0 (TID 1). 2254 bytes result sent to driver
19/10/28 21:19:23 INFO Executor: Finished task 0.0 in stage 0.0 (TID 0). 2254 bytes result sent to driver
19/10/28 21:19:23 INFO TaskSetManager: Finished task 1.0 in stage 0.0 (TID 1) in 259 ms on localhost (1/2)
19/10/28 21:19:23 INFO TaskSetManager: Finished task 0.0 in stage 0.0 (TID 0) in 281 ms on localhost (2/2)
19/10/28 21:19:23 INFO TaskSchedulerImpl: Removed TaskSet 0.0, whose tasks have all completed, from pool 
19/10/28 21:19:23 INFO DAGScheduler: ShuffleMapStage 0 (flatMap at Partition.scala:46) finished in 0.308 s
19/10/28 21:19:23 INFO DAGScheduler: looking for newly runnable stages
19/10/28 21:19:23 INFO DAGScheduler: running: Set()
19/10/28 21:19:23 INFO DAGScheduler: waiting: Set(ShuffleMapStage 12, ShuffleMapStage 9, ShuffleMapStage 1, ResultStage 13, ShuffleMapStage 5, ShuffleMapStage 2, ShuffleMapStage 6, ShuffleMapStage 3, ShuffleMapStage 10, ShuffleMapStage 7, ShuffleMapStage 4, ShuffleMapStage 11, ShuffleMapStage 8)
19/10/28 21:19:23 INFO DAGScheduler: failed: Set()
19/10/28 21:19:23 INFO DAGScheduler: Missing parents for ShuffleMapStage 12: List(ShuffleMapStage 11)
19/10/28 21:19:23 INFO DAGScheduler: Missing parents for ShuffleMapStage 9: List(ShuffleMapStage 8)
19/10/28 21:19:23 INFO DAGScheduler: Missing parents for ShuffleMapStage 1: List()
19/10/28 21:19:23 INFO DAGScheduler: Missing parents for ResultStage 13: List(ShuffleMapStage 12)
19/10/28 21:19:23 INFO DAGScheduler: Missing parents for ShuffleMapStage 5: List(ShuffleMapStage 4)
19/10/28 21:19:23 INFO DAGScheduler: Missing parents for ShuffleMapStage 2: List(ShuffleMapStage 1)
19/10/28 21:19:23 INFO DAGScheduler: Missing parents for ShuffleMapStage 6: List(ShuffleMapStage 5)
19/10/28 21:19:23 INFO DAGScheduler: Missing parents for ShuffleMapStage 3: List(ShuffleMapStage 2)
19/10/28 21:19:23 INFO DAGScheduler: Missing parents for ShuffleMapStage 10: List(ShuffleMapStage 9)
19/10/28 21:19:23 INFO DAGScheduler: Missing parents for ShuffleMapStage 7: List(ShuffleMapStage 6)
19/10/28 21:19:23 INFO DAGScheduler: Missing parents for ShuffleMapStage 4: List(ShuffleMapStage 3)
19/10/28 21:19:23 INFO DAGScheduler: Missing parents for ShuffleMapStage 11: List(ShuffleMapStage 10)
19/10/28 21:19:23 INFO DAGScheduler: Missing parents for ShuffleMapStage 8: List(ShuffleMapStage 7)
19/10/28 21:19:23 INFO DAGScheduler: Submitting ShuffleMapStage 1 (MapPartitionsRDD[6] at flatMap at Partition.scala:46), which is now runnable
19/10/28 21:19:23 INFO MemoryStore: ensureFreeSpace(5472) called with curMem=140265, maxMem=555755765
19/10/28 21:19:23 INFO MemoryStore: Block broadcast_2 stored as values in memory (estimated size 5.3 KB, free 529.9 MB)
19/10/28 21:19:23 INFO MemoryStore: ensureFreeSpace(2880) called with curMem=145737, maxMem=555755765
19/10/28 21:19:23 INFO MemoryStore: Block broadcast_2_piece0 stored as bytes in memory (estimated size 2.8 KB, free 529.9 MB)
19/10/28 21:19:23 INFO BlockManagerInfo: Added broadcast_2_piece0 in memory on localhost:33930 (size: 2.8 KB, free: 530.0 MB)
19/10/28 21:19:23 INFO SparkContext: Created broadcast 2 from broadcast at DAGScheduler.scala:861
19/10/28 21:19:23 INFO DAGScheduler: Submitting 2 missing tasks from ShuffleMapStage 1 (MapPartitionsRDD[6] at flatMap at Partition.scala:46)
19/10/28 21:19:23 INFO TaskSchedulerImpl: Adding task set 1.0 with 2 tasks
19/10/28 21:19:23 INFO TaskSetManager: Starting task 0.0 in stage 1.0 (TID 2, localhost, PROCESS_LOCAL, 1946 bytes)
19/10/28 21:19:23 INFO TaskSetManager: Starting task 1.0 in stage 1.0 (TID 3, localhost, PROCESS_LOCAL, 1946 bytes)
19/10/28 21:19:23 INFO Executor: Running task 0.0 in stage 1.0 (TID 2)
19/10/28 21:19:23 INFO Executor: Running task 1.0 in stage 1.0 (TID 3)
19/10/28 21:19:23 INFO ShuffleBlockFetcherIterator: Getting 2 non-empty blocks out of 2 blocks
19/10/28 21:19:23 INFO ShuffleBlockFetcherIterator: Started 0 remote fetches in 3 ms
19/10/28 21:19:23 INFO ShuffleBlockFetcherIterator: Getting 2 non-empty blocks out of 2 blocks
19/10/28 21:19:23 INFO ShuffleBlockFetcherIterator: Started 0 remote fetches in 6 ms
19/10/28 21:19:23 INFO Executor: Finished task 1.0 in stage 1.0 (TID 3). 1375 bytes result sent to driver
19/10/28 21:19:23 INFO Executor: Finished task 0.0 in stage 1.0 (TID 2). 1375 bytes result sent to driver
19/10/28 21:19:23 INFO TaskSetManager: Finished task 1.0 in stage 1.0 (TID 3) in 196 ms on localhost (1/2)
19/10/28 21:19:23 INFO DAGScheduler: ShuffleMapStage 1 (flatMap at Partition.scala:46) finished in 0.183 s
19/10/28 21:19:23 INFO DAGScheduler: looking for newly runnable stages
19/10/28 21:19:23 INFO DAGScheduler: running: Set()
19/10/28 21:19:23 INFO DAGScheduler: waiting: Set(ShuffleMapStage 12, ShuffleMapStage 9, ResultStage 13, ShuffleMapStage 5, ShuffleMapStage 2, ShuffleMapStage 6, ShuffleMapStage 3, ShuffleMapStage 10, ShuffleMapStage 7, ShuffleMapStage 4, ShuffleMapStage 11, ShuffleMapStage 8)
19/10/28 21:19:23 INFO DAGScheduler: failed: Set()
19/10/28 21:19:23 INFO DAGScheduler: Missing parents for ShuffleMapStage 12: List(ShuffleMapStage 11)
19/10/28 21:19:23 INFO DAGScheduler: Missing parents for ShuffleMapStage 9: List(ShuffleMapStage 8)
19/10/28 21:19:23 INFO DAGScheduler: Missing parents for ResultStage 13: List(ShuffleMapStage 12)
19/10/28 21:19:23 INFO DAGScheduler: Missing parents for ShuffleMapStage 5: List(ShuffleMapStage 4)
19/10/28 21:19:23 INFO DAGScheduler: Missing parents for ShuffleMapStage 2: List()
19/10/28 21:19:23 INFO DAGScheduler: Missing parents for ShuffleMapStage 6: List(ShuffleMapStage 5)
19/10/28 21:19:23 INFO DAGScheduler: Missing parents for ShuffleMapStage 3: List(ShuffleMapStage 2)
19/10/28 21:19:23 INFO DAGScheduler: Missing parents for ShuffleMapStage 10: List(ShuffleMapStage 9)
19/10/28 21:19:23 INFO DAGScheduler: Missing parents for ShuffleMapStage 7: List(ShuffleMapStage 6)
19/10/28 21:19:23 INFO DAGScheduler: Missing parents for ShuffleMapStage 4: List(ShuffleMapStage 3)
19/10/28 21:19:23 INFO DAGScheduler: Missing parents for ShuffleMapStage 11: List(ShuffleMapStage 10)
19/10/28 21:19:23 INFO DAGScheduler: Missing parents for ShuffleMapStage 8: List(ShuffleMapStage 7)
19/10/28 21:19:23 INFO DAGScheduler: Submitting ShuffleMapStage 2 (MapPartitionsRDD[9] at flatMap at Partition.scala:46), which is now runnable
19/10/28 21:19:23 INFO MemoryStore: ensureFreeSpace(5808) called with curMem=148617, maxMem=555755765
19/10/28 21:19:23 INFO MemoryStore: Block broadcast_3 stored as values in memory (estimated size 5.7 KB, free 529.9 MB)
19/10/28 21:19:23 INFO MemoryStore: ensureFreeSpace(2980) called with curMem=154425, maxMem=555755765
19/10/28 21:19:23 INFO MemoryStore: Block broadcast_3_piece0 stored as bytes in memory (estimated size 2.9 KB, free 529.9 MB)
19/10/28 21:19:23 INFO BlockManagerInfo: Added broadcast_3_piece0 in memory on localhost:33930 (size: 2.9 KB, free: 530.0 MB)
19/10/28 21:19:23 INFO SparkContext: Created broadcast 3 from broadcast at DAGScheduler.scala:861
19/10/28 21:19:23 INFO DAGScheduler: Submitting 2 missing tasks from ShuffleMapStage 2 (MapPartitionsRDD[9] at flatMap at Partition.scala:46)
19/10/28 21:19:23 INFO TaskSchedulerImpl: Adding task set 2.0 with 2 tasks
19/10/28 21:19:23 INFO TaskSetManager: Finished task 0.0 in stage 1.0 (TID 2) in 200 ms on localhost (2/2)
19/10/28 21:19:23 INFO TaskSchedulerImpl: Removed TaskSet 1.0, whose tasks have all completed, from pool 
19/10/28 21:19:23 INFO TaskSetManager: Starting task 0.0 in stage 2.0 (TID 4, localhost, PROCESS_LOCAL, 1946 bytes)
19/10/28 21:19:23 INFO TaskSetManager: Starting task 1.0 in stage 2.0 (TID 5, localhost, PROCESS_LOCAL, 1946 bytes)
19/10/28 21:19:23 INFO Executor: Running task 1.0 in stage 2.0 (TID 5)
19/10/28 21:19:23 INFO ShuffleBlockFetcherIterator: Getting 2 non-empty blocks out of 2 blocks
19/10/28 21:19:23 INFO ShuffleBlockFetcherIterator: Started 0 remote fetches in 0 ms
19/10/28 21:19:23 INFO Executor: Running task 0.0 in stage 2.0 (TID 4)
19/10/28 21:19:23 INFO ShuffleBlockFetcherIterator: Getting 2 non-empty blocks out of 2 blocks
19/10/28 21:19:23 INFO ShuffleBlockFetcherIterator: Started 0 remote fetches in 0 ms
19/10/28 21:19:23 INFO Executor: Finished task 1.0 in stage 2.0 (TID 5). 1375 bytes result sent to driver
19/10/28 21:19:23 INFO TaskSetManager: Finished task 1.0 in stage 2.0 (TID 5) in 39 ms on localhost (1/2)
19/10/28 21:19:23 INFO Executor: Finished task 0.0 in stage 2.0 (TID 4). 1375 bytes result sent to driver
19/10/28 21:19:23 INFO TaskSetManager: Finished task 0.0 in stage 2.0 (TID 4) in 90 ms on localhost (2/2)
19/10/28 21:19:23 INFO TaskSchedulerImpl: Removed TaskSet 2.0, whose tasks have all completed, from pool 
19/10/28 21:19:23 INFO DAGScheduler: ShuffleMapStage 2 (flatMap at Partition.scala:46) finished in 0.079 s
19/10/28 21:19:23 INFO DAGScheduler: looking for newly runnable stages
19/10/28 21:19:23 INFO DAGScheduler: running: Set()
19/10/28 21:19:23 INFO DAGScheduler: waiting: Set(ShuffleMapStage 12, ShuffleMapStage 9, ResultStage 13, ShuffleMapStage 5, ShuffleMapStage 6, ShuffleMapStage 3, ShuffleMapStage 10, ShuffleMapStage 7, ShuffleMapStage 4, ShuffleMapStage 11, ShuffleMapStage 8)
19/10/28 21:19:23 INFO DAGScheduler: failed: Set()
19/10/28 21:19:23 INFO DAGScheduler: Missing parents for ShuffleMapStage 12: List(ShuffleMapStage 11)
19/10/28 21:19:23 INFO DAGScheduler: Missing parents for ShuffleMapStage 9: List(ShuffleMapStage 8)
19/10/28 21:19:23 INFO DAGScheduler: Missing parents for ResultStage 13: List(ShuffleMapStage 12)
19/10/28 21:19:23 INFO DAGScheduler: Missing parents for ShuffleMapStage 5: List(ShuffleMapStage 4)
19/10/28 21:19:23 INFO DAGScheduler: Missing parents for ShuffleMapStage 6: List(ShuffleMapStage 5)
19/10/28 21:19:23 INFO DAGScheduler: Missing parents for ShuffleMapStage 3: List()
19/10/28 21:19:23 INFO DAGScheduler: Missing parents for ShuffleMapStage 10: List(ShuffleMapStage 9)
19/10/28 21:19:23 INFO DAGScheduler: Missing parents for ShuffleMapStage 7: List(ShuffleMapStage 6)
19/10/28 21:19:23 INFO DAGScheduler: Missing parents for ShuffleMapStage 4: List(ShuffleMapStage 3)
19/10/28 21:19:23 INFO DAGScheduler: Missing parents for ShuffleMapStage 11: List(ShuffleMapStage 10)
19/10/28 21:19:23 INFO DAGScheduler: Missing parents for ShuffleMapStage 8: List(ShuffleMapStage 7)
19/10/28 21:19:23 INFO DAGScheduler: Submitting ShuffleMapStage 3 (MapPartitionsRDD[12] at flatMap at Partition.scala:46), which is now runnable
19/10/28 21:19:23 INFO MemoryStore: ensureFreeSpace(6136) called with curMem=157405, maxMem=555755765
19/10/28 21:19:23 INFO MemoryStore: Block broadcast_4 stored as values in memory (estimated size 6.0 KB, free 529.9 MB)
19/10/28 21:19:23 INFO MemoryStore: ensureFreeSpace(3058) called with curMem=163541, maxMem=555755765
19/10/28 21:19:23 INFO MemoryStore: Block broadcast_4_piece0 stored as bytes in memory (estimated size 3.0 KB, free 529.9 MB)
19/10/28 21:19:23 INFO BlockManagerInfo: Added broadcast_4_piece0 in memory on localhost:33930 (size: 3.0 KB, free: 530.0 MB)
19/10/28 21:19:23 INFO SparkContext: Created broadcast 4 from broadcast at DAGScheduler.scala:861
19/10/28 21:19:23 INFO DAGScheduler: Submitting 2 missing tasks from ShuffleMapStage 3 (MapPartitionsRDD[12] at flatMap at Partition.scala:46)
19/10/28 21:19:23 INFO TaskSchedulerImpl: Adding task set 3.0 with 2 tasks
19/10/28 21:19:23 INFO TaskSetManager: Starting task 0.0 in stage 3.0 (TID 6, localhost, PROCESS_LOCAL, 1946 bytes)
19/10/28 21:19:23 INFO TaskSetManager: Starting task 1.0 in stage 3.0 (TID 7, localhost, PROCESS_LOCAL, 1946 bytes)
19/10/28 21:19:23 INFO Executor: Running task 0.0 in stage 3.0 (TID 6)
19/10/28 21:19:23 INFO ShuffleBlockFetcherIterator: Getting 2 non-empty blocks out of 2 blocks
19/10/28 21:19:23 INFO ShuffleBlockFetcherIterator: Started 0 remote fetches in 1 ms
19/10/28 21:19:23 INFO Executor: Running task 1.0 in stage 3.0 (TID 7)
19/10/28 21:19:23 INFO ShuffleBlockFetcherIterator: Getting 2 non-empty blocks out of 2 blocks
19/10/28 21:19:23 INFO ShuffleBlockFetcherIterator: Started 0 remote fetches in 0 ms
19/10/28 21:19:23 INFO Executor: Finished task 1.0 in stage 3.0 (TID 7). 1375 bytes result sent to driver
19/10/28 21:19:23 INFO TaskSetManager: Finished task 1.0 in stage 3.0 (TID 7) in 94 ms on localhost (1/2)
19/10/28 21:19:23 INFO Executor: Finished task 0.0 in stage 3.0 (TID 6). 1375 bytes result sent to driver
19/10/28 21:19:23 INFO TaskSetManager: Finished task 0.0 in stage 3.0 (TID 6) in 97 ms on localhost (2/2)
19/10/28 21:19:23 INFO TaskSchedulerImpl: Removed TaskSet 3.0, whose tasks have all completed, from pool 
19/10/28 21:19:23 INFO DAGScheduler: ShuffleMapStage 3 (flatMap at Partition.scala:46) finished in 0.097 s
19/10/28 21:19:23 INFO DAGScheduler: looking for newly runnable stages
19/10/28 21:19:23 INFO DAGScheduler: running: Set()
19/10/28 21:19:23 INFO DAGScheduler: waiting: Set(ShuffleMapStage 12, ShuffleMapStage 9, ResultStage 13, ShuffleMapStage 5, ShuffleMapStage 6, ShuffleMapStage 10, ShuffleMapStage 7, ShuffleMapStage 4, ShuffleMapStage 11, ShuffleMapStage 8)
19/10/28 21:19:23 INFO DAGScheduler: failed: Set()
19/10/28 21:19:23 INFO DAGScheduler: Missing parents for ShuffleMapStage 12: List(ShuffleMapStage 11)
19/10/28 21:19:23 INFO DAGScheduler: Missing parents for ShuffleMapStage 9: List(ShuffleMapStage 8)
19/10/28 21:19:23 INFO DAGScheduler: Missing parents for ResultStage 13: List(ShuffleMapStage 12)
19/10/28 21:19:23 INFO DAGScheduler: Missing parents for ShuffleMapStage 5: List(ShuffleMapStage 4)
19/10/28 21:19:23 INFO DAGScheduler: Missing parents for ShuffleMapStage 6: List(ShuffleMapStage 5)
19/10/28 21:19:23 INFO DAGScheduler: Missing parents for ShuffleMapStage 10: List(ShuffleMapStage 9)
19/10/28 21:19:23 INFO DAGScheduler: Missing parents for ShuffleMapStage 7: List(ShuffleMapStage 6)
19/10/28 21:19:23 INFO DAGScheduler: Missing parents for ShuffleMapStage 4: List()
19/10/28 21:19:23 INFO DAGScheduler: Missing parents for ShuffleMapStage 11: List(ShuffleMapStage 10)
19/10/28 21:19:23 INFO DAGScheduler: Missing parents for ShuffleMapStage 8: List(ShuffleMapStage 7)
19/10/28 21:19:23 INFO DAGScheduler: Submitting ShuffleMapStage 4 (MapPartitionsRDD[15] at flatMap at Partition.scala:46), which is now runnable
19/10/28 21:19:23 INFO MemoryStore: ensureFreeSpace(6472) called with curMem=166599, maxMem=555755765
19/10/28 21:19:23 INFO MemoryStore: Block broadcast_5 stored as values in memory (estimated size 6.3 KB, free 529.8 MB)
19/10/28 21:19:23 INFO MemoryStore: ensureFreeSpace(3148) called with curMem=173071, maxMem=555755765
19/10/28 21:19:23 INFO MemoryStore: Block broadcast_5_piece0 stored as bytes in memory (estimated size 3.1 KB, free 529.8 MB)
19/10/28 21:19:23 INFO BlockManagerInfo: Added broadcast_5_piece0 in memory on localhost:33930 (size: 3.1 KB, free: 530.0 MB)
19/10/28 21:19:23 INFO SparkContext: Created broadcast 5 from broadcast at DAGScheduler.scala:861
19/10/28 21:19:23 INFO DAGScheduler: Submitting 2 missing tasks from ShuffleMapStage 4 (MapPartitionsRDD[15] at flatMap at Partition.scala:46)
19/10/28 21:19:23 INFO TaskSchedulerImpl: Adding task set 4.0 with 2 tasks
19/10/28 21:19:23 INFO TaskSetManager: Starting task 0.0 in stage 4.0 (TID 8, localhost, PROCESS_LOCAL, 1946 bytes)
19/10/28 21:19:23 INFO TaskSetManager: Starting task 1.0 in stage 4.0 (TID 9, localhost, PROCESS_LOCAL, 1946 bytes)
19/10/28 21:19:23 INFO Executor: Running task 1.0 in stage 4.0 (TID 9)
19/10/28 21:19:23 INFO ShuffleBlockFetcherIterator: Getting 2 non-empty blocks out of 2 blocks
19/10/28 21:19:23 INFO ShuffleBlockFetcherIterator: Started 0 remote fetches in 0 ms
19/10/28 21:19:23 INFO Executor: Finished task 1.0 in stage 4.0 (TID 9). 1375 bytes result sent to driver
19/10/28 21:19:23 INFO TaskSetManager: Finished task 1.0 in stage 4.0 (TID 9) in 22 ms on localhost (1/2)
19/10/28 21:19:23 INFO Executor: Running task 0.0 in stage 4.0 (TID 8)
19/10/28 21:19:23 INFO ShuffleBlockFetcherIterator: Getting 2 non-empty blocks out of 2 blocks
19/10/28 21:19:23 INFO ShuffleBlockFetcherIterator: Started 0 remote fetches in 1 ms
19/10/28 21:19:23 INFO Executor: Finished task 0.0 in stage 4.0 (TID 8). 1375 bytes result sent to driver
19/10/28 21:19:23 INFO TaskSetManager: Finished task 0.0 in stage 4.0 (TID 8) in 95 ms on localhost (2/2)
19/10/28 21:19:23 INFO TaskSchedulerImpl: Removed TaskSet 4.0, whose tasks have all completed, from pool 
19/10/28 21:19:23 INFO DAGScheduler: ShuffleMapStage 4 (flatMap at Partition.scala:46) finished in 0.091 s
19/10/28 21:19:23 INFO DAGScheduler: looking for newly runnable stages
19/10/28 21:19:23 INFO DAGScheduler: running: Set()
19/10/28 21:19:23 INFO DAGScheduler: waiting: Set(ShuffleMapStage 12, ShuffleMapStage 9, ResultStage 13, ShuffleMapStage 5, ShuffleMapStage 6, ShuffleMapStage 10, ShuffleMapStage 7, ShuffleMapStage 11, ShuffleMapStage 8)
19/10/28 21:19:23 INFO DAGScheduler: failed: Set()
19/10/28 21:19:23 INFO DAGScheduler: Missing parents for ShuffleMapStage 12: List(ShuffleMapStage 11)
19/10/28 21:19:23 INFO DAGScheduler: Missing parents for ShuffleMapStage 9: List(ShuffleMapStage 8)
19/10/28 21:19:23 INFO DAGScheduler: Missing parents for ResultStage 13: List(ShuffleMapStage 12)
19/10/28 21:19:23 INFO DAGScheduler: Missing parents for ShuffleMapStage 5: List()
19/10/28 21:19:23 INFO DAGScheduler: Missing parents for ShuffleMapStage 6: List(ShuffleMapStage 5)
19/10/28 21:19:23 INFO DAGScheduler: Missing parents for ShuffleMapStage 10: List(ShuffleMapStage 9)
19/10/28 21:19:23 INFO DAGScheduler: Missing parents for ShuffleMapStage 7: List(ShuffleMapStage 6)
19/10/28 21:19:23 INFO DAGScheduler: Missing parents for ShuffleMapStage 11: List(ShuffleMapStage 10)
19/10/28 21:19:23 INFO DAGScheduler: Missing parents for ShuffleMapStage 8: List(ShuffleMapStage 7)
19/10/28 21:19:23 INFO DAGScheduler: Submitting ShuffleMapStage 5 (MapPartitionsRDD[18] at flatMap at Partition.scala:46), which is now runnable
19/10/28 21:19:23 INFO MemoryStore: ensureFreeSpace(6800) called with curMem=176219, maxMem=555755765
19/10/28 21:19:23 INFO MemoryStore: Block broadcast_6 stored as values in memory (estimated size 6.6 KB, free 529.8 MB)
19/10/28 21:19:23 INFO MemoryStore: ensureFreeSpace(3221) called with curMem=183019, maxMem=555755765
19/10/28 21:19:23 INFO MemoryStore: Block broadcast_6_piece0 stored as bytes in memory (estimated size 3.1 KB, free 529.8 MB)
19/10/28 21:19:23 INFO BlockManagerInfo: Added broadcast_6_piece0 in memory on localhost:33930 (size: 3.1 KB, free: 530.0 MB)
19/10/28 21:19:23 INFO SparkContext: Created broadcast 6 from broadcast at DAGScheduler.scala:861
19/10/28 21:19:23 INFO DAGScheduler: Submitting 2 missing tasks from ShuffleMapStage 5 (MapPartitionsRDD[18] at flatMap at Partition.scala:46)
19/10/28 21:19:23 INFO TaskSchedulerImpl: Adding task set 5.0 with 2 tasks
19/10/28 21:19:23 INFO TaskSetManager: Starting task 0.0 in stage 5.0 (TID 10, localhost, PROCESS_LOCAL, 1946 bytes)
19/10/28 21:19:23 INFO TaskSetManager: Starting task 1.0 in stage 5.0 (TID 11, localhost, PROCESS_LOCAL, 1946 bytes)
19/10/28 21:19:23 INFO Executor: Running task 0.0 in stage 5.0 (TID 10)
19/10/28 21:19:23 INFO ShuffleBlockFetcherIterator: Getting 2 non-empty blocks out of 2 blocks
19/10/28 21:19:23 INFO ShuffleBlockFetcherIterator: Started 0 remote fetches in 0 ms
19/10/28 21:19:23 INFO Executor: Running task 1.0 in stage 5.0 (TID 11)
19/10/28 21:19:23 INFO ShuffleBlockFetcherIterator: Getting 2 non-empty blocks out of 2 blocks
19/10/28 21:19:23 INFO ShuffleBlockFetcherIterator: Started 0 remote fetches in 0 ms
19/10/28 21:19:23 INFO Executor: Finished task 1.0 in stage 5.0 (TID 11). 1375 bytes result sent to driver
19/10/28 21:19:23 INFO TaskSetManager: Finished task 1.0 in stage 5.0 (TID 11) in 23 ms on localhost (1/2)
19/10/28 21:19:23 INFO Executor: Finished task 0.0 in stage 5.0 (TID 10). 1375 bytes result sent to driver
19/10/28 21:19:23 INFO TaskSetManager: Finished task 0.0 in stage 5.0 (TID 10) in 61 ms on localhost (2/2)
19/10/28 21:19:23 INFO TaskSchedulerImpl: Removed TaskSet 5.0, whose tasks have all completed, from pool 
19/10/28 21:19:23 INFO DAGScheduler: ShuffleMapStage 5 (flatMap at Partition.scala:46) finished in 0.053 s
19/10/28 21:19:23 INFO DAGScheduler: looking for newly runnable stages
19/10/28 21:19:23 INFO DAGScheduler: running: Set()
19/10/28 21:19:23 INFO DAGScheduler: waiting: Set(ShuffleMapStage 12, ShuffleMapStage 9, ResultStage 13, ShuffleMapStage 6, ShuffleMapStage 10, ShuffleMapStage 7, ShuffleMapStage 11, ShuffleMapStage 8)
19/10/28 21:19:23 INFO DAGScheduler: failed: Set()
19/10/28 21:19:23 INFO DAGScheduler: Missing parents for ShuffleMapStage 12: List(ShuffleMapStage 11)
19/10/28 21:19:23 INFO DAGScheduler: Missing parents for ShuffleMapStage 9: List(ShuffleMapStage 8)
19/10/28 21:19:23 INFO DAGScheduler: Missing parents for ResultStage 13: List(ShuffleMapStage 12)
19/10/28 21:19:23 INFO DAGScheduler: Missing parents for ShuffleMapStage 6: List()
19/10/28 21:19:23 INFO DAGScheduler: Missing parents for ShuffleMapStage 10: List(ShuffleMapStage 9)
19/10/28 21:19:23 INFO DAGScheduler: Missing parents for ShuffleMapStage 7: List(ShuffleMapStage 6)
19/10/28 21:19:23 INFO DAGScheduler: Missing parents for ShuffleMapStage 11: List(ShuffleMapStage 10)
19/10/28 21:19:23 INFO DAGScheduler: Missing parents for ShuffleMapStage 8: List(ShuffleMapStage 7)
19/10/28 21:19:23 INFO DAGScheduler: Submitting ShuffleMapStage 6 (MapPartitionsRDD[21] at flatMap at Partition.scala:46), which is now runnable
19/10/28 21:19:23 INFO MemoryStore: ensureFreeSpace(7136) called with curMem=186240, maxMem=555755765
19/10/28 21:19:23 INFO MemoryStore: Block broadcast_7 stored as values in memory (estimated size 7.0 KB, free 529.8 MB)
19/10/28 21:19:23 INFO MemoryStore: ensureFreeSpace(3302) called with curMem=193376, maxMem=555755765
19/10/28 21:19:23 INFO MemoryStore: Block broadcast_7_piece0 stored as bytes in memory (estimated size 3.2 KB, free 529.8 MB)
19/10/28 21:19:23 INFO BlockManagerInfo: Added broadcast_7_piece0 in memory on localhost:33930 (size: 3.2 KB, free: 530.0 MB)
19/10/28 21:19:23 INFO SparkContext: Created broadcast 7 from broadcast at DAGScheduler.scala:861
19/10/28 21:19:23 INFO DAGScheduler: Submitting 2 missing tasks from ShuffleMapStage 6 (MapPartitionsRDD[21] at flatMap at Partition.scala:46)
19/10/28 21:19:23 INFO TaskSchedulerImpl: Adding task set 6.0 with 2 tasks
19/10/28 21:19:23 INFO TaskSetManager: Starting task 0.0 in stage 6.0 (TID 12, localhost, PROCESS_LOCAL, 1946 bytes)
19/10/28 21:19:23 INFO TaskSetManager: Starting task 1.0 in stage 6.0 (TID 13, localhost, PROCESS_LOCAL, 1946 bytes)
19/10/28 21:19:23 INFO Executor: Running task 1.0 in stage 6.0 (TID 13)
19/10/28 21:19:23 INFO ShuffleBlockFetcherIterator: Getting 2 non-empty blocks out of 2 blocks
19/10/28 21:19:23 INFO ShuffleBlockFetcherIterator: Started 0 remote fetches in 0 ms
19/10/28 21:19:23 INFO Executor: Running task 0.0 in stage 6.0 (TID 12)
19/10/28 21:19:23 INFO ShuffleBlockFetcherIterator: Getting 2 non-empty blocks out of 2 blocks
19/10/28 21:19:23 INFO ShuffleBlockFetcherIterator: Started 0 remote fetches in 0 ms
19/10/28 21:19:23 INFO Executor: Finished task 1.0 in stage 6.0 (TID 13). 1375 bytes result sent to driver
19/10/28 21:19:23 INFO TaskSetManager: Finished task 1.0 in stage 6.0 (TID 13) in 20 ms on localhost (1/2)
19/10/28 21:19:23 INFO Executor: Finished task 0.0 in stage 6.0 (TID 12). 1375 bytes result sent to driver
19/10/28 21:19:23 INFO TaskSetManager: Finished task 0.0 in stage 6.0 (TID 12) in 46 ms on localhost (2/2)
19/10/28 21:19:23 INFO TaskSchedulerImpl: Removed TaskSet 6.0, whose tasks have all completed, from pool 
19/10/28 21:19:23 INFO DAGScheduler: ShuffleMapStage 6 (flatMap at Partition.scala:46) finished in 0.045 s
19/10/28 21:19:23 INFO DAGScheduler: looking for newly runnable stages
19/10/28 21:19:23 INFO DAGScheduler: running: Set()
19/10/28 21:19:23 INFO DAGScheduler: waiting: Set(ShuffleMapStage 12, ShuffleMapStage 9, ResultStage 13, ShuffleMapStage 10, ShuffleMapStage 7, ShuffleMapStage 11, ShuffleMapStage 8)
19/10/28 21:19:23 INFO DAGScheduler: failed: Set()
19/10/28 21:19:23 INFO DAGScheduler: Missing parents for ShuffleMapStage 12: List(ShuffleMapStage 11)
19/10/28 21:19:23 INFO DAGScheduler: Missing parents for ShuffleMapStage 9: List(ShuffleMapStage 8)
19/10/28 21:19:23 INFO DAGScheduler: Missing parents for ResultStage 13: List(ShuffleMapStage 12)
19/10/28 21:19:23 INFO DAGScheduler: Missing parents for ShuffleMapStage 10: List(ShuffleMapStage 9)
19/10/28 21:19:23 INFO DAGScheduler: Missing parents for ShuffleMapStage 7: List()
19/10/28 21:19:23 INFO DAGScheduler: Missing parents for ShuffleMapStage 11: List(ShuffleMapStage 10)
19/10/28 21:19:23 INFO DAGScheduler: Missing parents for ShuffleMapStage 8: List(ShuffleMapStage 7)
19/10/28 21:19:23 INFO DAGScheduler: Submitting ShuffleMapStage 7 (MapPartitionsRDD[24] at flatMap at Partition.scala:46), which is now runnable
19/10/28 21:19:23 INFO MemoryStore: ensureFreeSpace(7464) called with curMem=196678, maxMem=555755765
19/10/28 21:19:23 INFO MemoryStore: Block broadcast_8 stored as values in memory (estimated size 7.3 KB, free 529.8 MB)
19/10/28 21:19:23 INFO MemoryStore: ensureFreeSpace(3377) called with curMem=204142, maxMem=555755765
19/10/28 21:19:23 INFO MemoryStore: Block broadcast_8_piece0 stored as bytes in memory (estimated size 3.3 KB, free 529.8 MB)
19/10/28 21:19:23 INFO BlockManagerInfo: Added broadcast_8_piece0 in memory on localhost:33930 (size: 3.3 KB, free: 530.0 MB)
19/10/28 21:19:23 INFO SparkContext: Created broadcast 8 from broadcast at DAGScheduler.scala:861
19/10/28 21:19:23 INFO DAGScheduler: Submitting 2 missing tasks from ShuffleMapStage 7 (MapPartitionsRDD[24] at flatMap at Partition.scala:46)
19/10/28 21:19:23 INFO TaskSchedulerImpl: Adding task set 7.0 with 2 tasks
19/10/28 21:19:23 INFO TaskSetManager: Starting task 0.0 in stage 7.0 (TID 14, localhost, PROCESS_LOCAL, 1946 bytes)
19/10/28 21:19:23 INFO TaskSetManager: Starting task 1.0 in stage 7.0 (TID 15, localhost, PROCESS_LOCAL, 1946 bytes)
19/10/28 21:19:23 INFO Executor: Running task 1.0 in stage 7.0 (TID 15)
19/10/28 21:19:23 INFO ShuffleBlockFetcherIterator: Getting 2 non-empty blocks out of 2 blocks
19/10/28 21:19:23 INFO ShuffleBlockFetcherIterator: Started 0 remote fetches in 0 ms
19/10/28 21:19:23 INFO Executor: Finished task 1.0 in stage 7.0 (TID 15). 1375 bytes result sent to driver
19/10/28 21:19:23 INFO TaskSetManager: Finished task 1.0 in stage 7.0 (TID 15) in 10 ms on localhost (1/2)
19/10/28 21:19:23 INFO Executor: Running task 0.0 in stage 7.0 (TID 14)
19/10/28 21:19:23 INFO ShuffleBlockFetcherIterator: Getting 2 non-empty blocks out of 2 blocks
19/10/28 21:19:23 INFO ShuffleBlockFetcherIterator: Started 0 remote fetches in 1 ms
19/10/28 21:19:23 INFO Executor: Finished task 0.0 in stage 7.0 (TID 14). 1375 bytes result sent to driver
19/10/28 21:19:23 INFO TaskSetManager: Finished task 0.0 in stage 7.0 (TID 14) in 62 ms on localhost (2/2)
19/10/28 21:19:23 INFO TaskSchedulerImpl: Removed TaskSet 7.0, whose tasks have all completed, from pool 
19/10/28 21:19:23 INFO DAGScheduler: ShuffleMapStage 7 (flatMap at Partition.scala:46) finished in 0.058 s
19/10/28 21:19:23 INFO DAGScheduler: looking for newly runnable stages
19/10/28 21:19:23 INFO DAGScheduler: running: Set()
19/10/28 21:19:23 INFO DAGScheduler: waiting: Set(ShuffleMapStage 12, ShuffleMapStage 9, ResultStage 13, ShuffleMapStage 10, ShuffleMapStage 11, ShuffleMapStage 8)
19/10/28 21:19:23 INFO DAGScheduler: failed: Set()
19/10/28 21:19:23 INFO DAGScheduler: Missing parents for ShuffleMapStage 12: List(ShuffleMapStage 11)
19/10/28 21:19:23 INFO DAGScheduler: Missing parents for ShuffleMapStage 9: List(ShuffleMapStage 8)
19/10/28 21:19:23 INFO DAGScheduler: Missing parents for ResultStage 13: List(ShuffleMapStage 12)
19/10/28 21:19:23 INFO DAGScheduler: Missing parents for ShuffleMapStage 10: List(ShuffleMapStage 9)
19/10/28 21:19:23 INFO DAGScheduler: Missing parents for ShuffleMapStage 11: List(ShuffleMapStage 10)
19/10/28 21:19:23 INFO DAGScheduler: Missing parents for ShuffleMapStage 8: List()
19/10/28 21:19:23 INFO DAGScheduler: Submitting ShuffleMapStage 8 (MapPartitionsRDD[27] at flatMap at Partition.scala:46), which is now runnable
19/10/28 21:19:23 INFO MemoryStore: ensureFreeSpace(7800) called with curMem=207519, maxMem=555755765
19/10/28 21:19:23 INFO MemoryStore: Block broadcast_9 stored as values in memory (estimated size 7.6 KB, free 529.8 MB)
19/10/28 21:19:23 INFO MemoryStore: ensureFreeSpace(3459) called with curMem=215319, maxMem=555755765
19/10/28 21:19:23 INFO MemoryStore: Block broadcast_9_piece0 stored as bytes in memory (estimated size 3.4 KB, free 529.8 MB)
19/10/28 21:19:23 INFO BlockManagerInfo: Added broadcast_9_piece0 in memory on localhost:33930 (size: 3.4 KB, free: 530.0 MB)
19/10/28 21:19:23 INFO SparkContext: Created broadcast 9 from broadcast at DAGScheduler.scala:861
19/10/28 21:19:23 INFO DAGScheduler: Submitting 2 missing tasks from ShuffleMapStage 8 (MapPartitionsRDD[27] at flatMap at Partition.scala:46)
19/10/28 21:19:23 INFO TaskSchedulerImpl: Adding task set 8.0 with 2 tasks
19/10/28 21:19:23 INFO TaskSetManager: Starting task 0.0 in stage 8.0 (TID 16, localhost, PROCESS_LOCAL, 1946 bytes)
19/10/28 21:19:23 INFO TaskSetManager: Starting task 1.0 in stage 8.0 (TID 17, localhost, PROCESS_LOCAL, 1946 bytes)
19/10/28 21:19:23 INFO Executor: Running task 1.0 in stage 8.0 (TID 17)
19/10/28 21:19:23 INFO ShuffleBlockFetcherIterator: Getting 2 non-empty blocks out of 2 blocks
19/10/28 21:19:23 INFO ShuffleBlockFetcherIterator: Started 0 remote fetches in 0 ms
19/10/28 21:19:23 INFO Executor: Running task 0.0 in stage 8.0 (TID 16)
19/10/28 21:19:24 INFO ShuffleBlockFetcherIterator: Getting 2 non-empty blocks out of 2 blocks
19/10/28 21:19:24 INFO ShuffleBlockFetcherIterator: Started 0 remote fetches in 1 ms
19/10/28 21:19:24 INFO Executor: Finished task 1.0 in stage 8.0 (TID 17). 1375 bytes result sent to driver
19/10/28 21:19:24 INFO TaskSetManager: Finished task 1.0 in stage 8.0 (TID 17) in 71 ms on localhost (1/2)
19/10/28 21:19:24 INFO Executor: Finished task 0.0 in stage 8.0 (TID 16). 1375 bytes result sent to driver
19/10/28 21:19:24 INFO TaskSetManager: Finished task 0.0 in stage 8.0 (TID 16) in 113 ms on localhost (2/2)
19/10/28 21:19:24 INFO TaskSchedulerImpl: Removed TaskSet 8.0, whose tasks have all completed, from pool 
19/10/28 21:19:24 INFO DAGScheduler: ShuffleMapStage 8 (flatMap at Partition.scala:46) finished in 0.113 s
19/10/28 21:19:24 INFO DAGScheduler: looking for newly runnable stages
19/10/28 21:19:24 INFO DAGScheduler: running: Set()
19/10/28 21:19:24 INFO DAGScheduler: waiting: Set(ShuffleMapStage 12, ShuffleMapStage 9, ResultStage 13, ShuffleMapStage 10, ShuffleMapStage 11)
19/10/28 21:19:24 INFO DAGScheduler: failed: Set()
19/10/28 21:19:24 INFO DAGScheduler: Missing parents for ShuffleMapStage 12: List(ShuffleMapStage 11)
19/10/28 21:19:24 INFO DAGScheduler: Missing parents for ShuffleMapStage 9: List()
19/10/28 21:19:24 INFO DAGScheduler: Missing parents for ResultStage 13: List(ShuffleMapStage 12)
19/10/28 21:19:24 INFO DAGScheduler: Missing parents for ShuffleMapStage 10: List(ShuffleMapStage 9)
19/10/28 21:19:24 INFO DAGScheduler: Missing parents for ShuffleMapStage 11: List(ShuffleMapStage 10)
19/10/28 21:19:24 INFO DAGScheduler: Submitting ShuffleMapStage 9 (MapPartitionsRDD[30] at flatMap at Partition.scala:46), which is now runnable
19/10/28 21:19:24 INFO MemoryStore: ensureFreeSpace(8128) called with curMem=218778, maxMem=555755765
19/10/28 21:19:24 INFO MemoryStore: Block broadcast_10 stored as values in memory (estimated size 7.9 KB, free 529.8 MB)
19/10/28 21:19:24 INFO MemoryStore: ensureFreeSpace(3542) called with curMem=226906, maxMem=555755765
19/10/28 21:19:24 INFO MemoryStore: Block broadcast_10_piece0 stored as bytes in memory (estimated size 3.5 KB, free 529.8 MB)
19/10/28 21:19:24 INFO BlockManagerInfo: Added broadcast_10_piece0 in memory on localhost:33930 (size: 3.5 KB, free: 530.0 MB)
19/10/28 21:19:24 INFO SparkContext: Created broadcast 10 from broadcast at DAGScheduler.scala:861
19/10/28 21:19:24 INFO DAGScheduler: Submitting 2 missing tasks from ShuffleMapStage 9 (MapPartitionsRDD[30] at flatMap at Partition.scala:46)
19/10/28 21:19:24 INFO TaskSchedulerImpl: Adding task set 9.0 with 2 tasks
19/10/28 21:19:24 INFO TaskSetManager: Starting task 0.0 in stage 9.0 (TID 18, localhost, PROCESS_LOCAL, 1946 bytes)
19/10/28 21:19:24 INFO TaskSetManager: Starting task 1.0 in stage 9.0 (TID 19, localhost, PROCESS_LOCAL, 1946 bytes)
19/10/28 21:19:24 INFO Executor: Running task 1.0 in stage 9.0 (TID 19)
19/10/28 21:19:24 INFO ShuffleBlockFetcherIterator: Getting 2 non-empty blocks out of 2 blocks
19/10/28 21:19:24 INFO ShuffleBlockFetcherIterator: Started 0 remote fetches in 0 ms
19/10/28 21:19:24 INFO Executor: Running task 0.0 in stage 9.0 (TID 18)
19/10/28 21:19:24 INFO Executor: Finished task 1.0 in stage 9.0 (TID 19). 1375 bytes result sent to driver
19/10/28 21:19:24 INFO TaskSetManager: Finished task 1.0 in stage 9.0 (TID 19) in 20 ms on localhost (1/2)
19/10/28 21:19:24 INFO ShuffleBlockFetcherIterator: Getting 2 non-empty blocks out of 2 blocks
19/10/28 21:19:24 INFO ShuffleBlockFetcherIterator: Started 0 remote fetches in 0 ms
19/10/28 21:19:24 INFO Executor: Finished task 0.0 in stage 9.0 (TID 18). 1375 bytes result sent to driver
19/10/28 21:19:24 INFO TaskSetManager: Finished task 0.0 in stage 9.0 (TID 18) in 109 ms on localhost (2/2)
19/10/28 21:19:24 INFO TaskSchedulerImpl: Removed TaskSet 9.0, whose tasks have all completed, from pool 
19/10/28 21:19:24 INFO DAGScheduler: ShuffleMapStage 9 (flatMap at Partition.scala:46) finished in 0.110 s
19/10/28 21:19:24 INFO DAGScheduler: looking for newly runnable stages
19/10/28 21:19:24 INFO DAGScheduler: running: Set()
19/10/28 21:19:24 INFO DAGScheduler: waiting: Set(ShuffleMapStage 12, ResultStage 13, ShuffleMapStage 10, ShuffleMapStage 11)
19/10/28 21:19:24 INFO DAGScheduler: failed: Set()
19/10/28 21:19:24 INFO DAGScheduler: Missing parents for ShuffleMapStage 12: List(ShuffleMapStage 11)
19/10/28 21:19:24 INFO DAGScheduler: Missing parents for ResultStage 13: List(ShuffleMapStage 12)
19/10/28 21:19:24 INFO DAGScheduler: Missing parents for ShuffleMapStage 10: List()
19/10/28 21:19:24 INFO DAGScheduler: Missing parents for ShuffleMapStage 11: List(ShuffleMapStage 10)
19/10/28 21:19:24 INFO DAGScheduler: Submitting ShuffleMapStage 10 (MapPartitionsRDD[33] at flatMap at Partition.scala:46), which is now runnable
19/10/28 21:19:24 INFO MemoryStore: ensureFreeSpace(8464) called with curMem=230448, maxMem=555755765
19/10/28 21:19:24 INFO MemoryStore: Block broadcast_11 stored as values in memory (estimated size 8.3 KB, free 529.8 MB)
19/10/28 21:19:24 INFO MemoryStore: ensureFreeSpace(3589) called with curMem=238912, maxMem=555755765
19/10/28 21:19:24 INFO MemoryStore: Block broadcast_11_piece0 stored as bytes in memory (estimated size 3.5 KB, free 529.8 MB)
19/10/28 21:19:24 INFO BlockManagerInfo: Added broadcast_11_piece0 in memory on localhost:33930 (size: 3.5 KB, free: 530.0 MB)
19/10/28 21:19:24 INFO SparkContext: Created broadcast 11 from broadcast at DAGScheduler.scala:861
19/10/28 21:19:24 INFO DAGScheduler: Submitting 2 missing tasks from ShuffleMapStage 10 (MapPartitionsRDD[33] at flatMap at Partition.scala:46)
19/10/28 21:19:24 INFO TaskSchedulerImpl: Adding task set 10.0 with 2 tasks
19/10/28 21:19:24 INFO TaskSetManager: Starting task 0.0 in stage 10.0 (TID 20, localhost, PROCESS_LOCAL, 1946 bytes)
19/10/28 21:19:24 INFO TaskSetManager: Starting task 1.0 in stage 10.0 (TID 21, localhost, PROCESS_LOCAL, 1946 bytes)
19/10/28 21:19:24 INFO Executor: Running task 1.0 in stage 10.0 (TID 21)
19/10/28 21:19:24 INFO ShuffleBlockFetcherIterator: Getting 2 non-empty blocks out of 2 blocks
19/10/28 21:19:24 INFO ShuffleBlockFetcherIterator: Started 0 remote fetches in 1 ms
19/10/28 21:19:24 INFO Executor: Running task 0.0 in stage 10.0 (TID 20)
19/10/28 21:19:24 INFO ShuffleBlockFetcherIterator: Getting 2 non-empty blocks out of 2 blocks
19/10/28 21:19:24 INFO ShuffleBlockFetcherIterator: Started 0 remote fetches in 0 ms
19/10/28 21:19:24 INFO Executor: Finished task 1.0 in stage 10.0 (TID 21). 1375 bytes result sent to driver
19/10/28 21:19:24 INFO TaskSetManager: Finished task 1.0 in stage 10.0 (TID 21) in 9 ms on localhost (1/2)
19/10/28 21:19:24 INFO Executor: Finished task 0.0 in stage 10.0 (TID 20). 1375 bytes result sent to driver
19/10/28 21:19:24 INFO TaskSetManager: Finished task 0.0 in stage 10.0 (TID 20) in 103 ms on localhost (2/2)
19/10/28 21:19:24 INFO TaskSchedulerImpl: Removed TaskSet 10.0, whose tasks have all completed, from pool 
19/10/28 21:19:24 INFO DAGScheduler: ShuffleMapStage 10 (flatMap at Partition.scala:46) finished in 0.104 s
19/10/28 21:19:24 INFO DAGScheduler: looking for newly runnable stages
19/10/28 21:19:24 INFO DAGScheduler: running: Set()
19/10/28 21:19:24 INFO DAGScheduler: waiting: Set(ShuffleMapStage 12, ResultStage 13, ShuffleMapStage 11)
19/10/28 21:19:24 INFO DAGScheduler: failed: Set()
19/10/28 21:19:24 INFO DAGScheduler: Missing parents for ShuffleMapStage 12: List(ShuffleMapStage 11)
19/10/28 21:19:24 INFO DAGScheduler: Missing parents for ResultStage 13: List(ShuffleMapStage 12)
19/10/28 21:19:24 INFO DAGScheduler: Missing parents for ShuffleMapStage 11: List()
19/10/28 21:19:24 INFO DAGScheduler: Submitting ShuffleMapStage 11 (MapPartitionsRDD[36] at flatMap at Partition.scala:46), which is now runnable
19/10/28 21:19:24 INFO MemoryStore: ensureFreeSpace(8792) called with curMem=242501, maxMem=555755765
19/10/28 21:19:24 INFO MemoryStore: Block broadcast_12 stored as values in memory (estimated size 8.6 KB, free 529.8 MB)
19/10/28 21:19:24 INFO MemoryStore: ensureFreeSpace(3658) called with curMem=251293, maxMem=555755765
19/10/28 21:19:24 INFO MemoryStore: Block broadcast_12_piece0 stored as bytes in memory (estimated size 3.6 KB, free 529.8 MB)
19/10/28 21:19:24 INFO BlockManagerInfo: Added broadcast_12_piece0 in memory on localhost:33930 (size: 3.6 KB, free: 530.0 MB)
19/10/28 21:19:24 INFO SparkContext: Created broadcast 12 from broadcast at DAGScheduler.scala:861
19/10/28 21:19:24 INFO DAGScheduler: Submitting 2 missing tasks from ShuffleMapStage 11 (MapPartitionsRDD[36] at flatMap at Partition.scala:46)
19/10/28 21:19:24 INFO TaskSchedulerImpl: Adding task set 11.0 with 2 tasks
19/10/28 21:19:24 INFO TaskSetManager: Starting task 0.0 in stage 11.0 (TID 22, localhost, PROCESS_LOCAL, 1946 bytes)
19/10/28 21:19:24 INFO TaskSetManager: Starting task 1.0 in stage 11.0 (TID 23, localhost, PROCESS_LOCAL, 1946 bytes)
19/10/28 21:19:24 INFO Executor: Running task 0.0 in stage 11.0 (TID 22)
19/10/28 21:19:24 INFO Executor: Running task 1.0 in stage 11.0 (TID 23)
19/10/28 21:19:24 INFO ShuffleBlockFetcherIterator: Getting 2 non-empty blocks out of 2 blocks
19/10/28 21:19:24 INFO ShuffleBlockFetcherIterator: Started 0 remote fetches in 0 ms
19/10/28 21:19:24 INFO ShuffleBlockFetcherIterator: Getting 2 non-empty blocks out of 2 blocks
19/10/28 21:19:24 INFO ShuffleBlockFetcherIterator: Started 0 remote fetches in 1 ms
19/10/28 21:19:24 INFO Executor: Finished task 1.0 in stage 11.0 (TID 23). 1375 bytes result sent to driver
19/10/28 21:19:24 INFO TaskSetManager: Finished task 1.0 in stage 11.0 (TID 23) in 12 ms on localhost (1/2)
19/10/28 21:19:24 INFO Executor: Finished task 0.0 in stage 11.0 (TID 22). 1375 bytes result sent to driver
19/10/28 21:19:24 INFO TaskSetManager: Finished task 0.0 in stage 11.0 (TID 22) in 22 ms on localhost (2/2)
19/10/28 21:19:24 INFO TaskSchedulerImpl: Removed TaskSet 11.0, whose tasks have all completed, from pool 
19/10/28 21:19:24 INFO DAGScheduler: ShuffleMapStage 11 (flatMap at Partition.scala:46) finished in 0.015 s
19/10/28 21:19:24 INFO DAGScheduler: looking for newly runnable stages
19/10/28 21:19:24 INFO DAGScheduler: running: Set()
19/10/28 21:19:24 INFO DAGScheduler: waiting: Set(ShuffleMapStage 12, ResultStage 13)
19/10/28 21:19:24 INFO DAGScheduler: failed: Set()
19/10/28 21:19:24 INFO DAGScheduler: Missing parents for ShuffleMapStage 12: List()
19/10/28 21:19:24 INFO DAGScheduler: Missing parents for ResultStage 13: List(ShuffleMapStage 12)
19/10/28 21:19:24 INFO DAGScheduler: Submitting ShuffleMapStage 12 (MapPartitionsRDD[39] at map at Partition.scala:50), which is now runnable
19/10/28 21:19:24 INFO MemoryStore: ensureFreeSpace(9232) called with curMem=254951, maxMem=555755765
19/10/28 21:19:24 INFO MemoryStore: Block broadcast_13 stored as values in memory (estimated size 9.0 KB, free 529.8 MB)
19/10/28 21:19:24 INFO MemoryStore: ensureFreeSpace(3792) called with curMem=264183, maxMem=555755765
19/10/28 21:19:24 INFO MemoryStore: Block broadcast_13_piece0 stored as bytes in memory (estimated size 3.7 KB, free 529.8 MB)
19/10/28 21:19:24 INFO BlockManagerInfo: Added broadcast_13_piece0 in memory on localhost:33930 (size: 3.7 KB, free: 530.0 MB)
19/10/28 21:19:24 INFO SparkContext: Created broadcast 13 from broadcast at DAGScheduler.scala:861
19/10/28 21:19:24 INFO DAGScheduler: Submitting 2 missing tasks from ShuffleMapStage 12 (MapPartitionsRDD[39] at map at Partition.scala:50)
19/10/28 21:19:24 INFO TaskSchedulerImpl: Adding task set 12.0 with 2 tasks
19/10/28 21:19:24 INFO TaskSetManager: Starting task 0.0 in stage 12.0 (TID 24, localhost, PROCESS_LOCAL, 1946 bytes)
19/10/28 21:19:24 INFO TaskSetManager: Starting task 1.0 in stage 12.0 (TID 25, localhost, PROCESS_LOCAL, 1946 bytes)
19/10/28 21:19:24 INFO Executor: Running task 1.0 in stage 12.0 (TID 25)
19/10/28 21:19:24 INFO ShuffleBlockFetcherIterator: Getting 2 non-empty blocks out of 2 blocks
19/10/28 21:19:24 INFO ShuffleBlockFetcherIterator: Started 0 remote fetches in 1 ms
19/10/28 21:19:24 INFO Executor: Running task 0.0 in stage 12.0 (TID 24)
19/10/28 21:19:24 INFO ShuffleBlockFetcherIterator: Getting 2 non-empty blocks out of 2 blocks
19/10/28 21:19:24 INFO ShuffleBlockFetcherIterator: Started 0 remote fetches in 0 ms
19/10/28 21:19:24 INFO Executor: Finished task 1.0 in stage 12.0 (TID 25). 1375 bytes result sent to driver
19/10/28 21:19:24 INFO Executor: Finished task 0.0 in stage 12.0 (TID 24). 1375 bytes result sent to driver
19/10/28 21:19:24 INFO TaskSetManager: Finished task 1.0 in stage 12.0 (TID 25) in 64 ms on localhost (1/2)
19/10/28 21:19:24 INFO TaskSetManager: Finished task 0.0 in stage 12.0 (TID 24) in 67 ms on localhost (2/2)
19/10/28 21:19:24 INFO TaskSchedulerImpl: Removed TaskSet 12.0, whose tasks have all completed, from pool 
19/10/28 21:19:24 INFO DAGScheduler: ShuffleMapStage 12 (map at Partition.scala:50) finished in 0.068 s
19/10/28 21:19:24 INFO DAGScheduler: looking for newly runnable stages
19/10/28 21:19:24 INFO DAGScheduler: running: Set()
19/10/28 21:19:24 INFO DAGScheduler: waiting: Set(ResultStage 13)
19/10/28 21:19:24 INFO DAGScheduler: failed: Set()
19/10/28 21:19:24 INFO DAGScheduler: Missing parents for ResultStage 13: List()
19/10/28 21:19:24 INFO DAGScheduler: Submitting ResultStage 13 (ShuffledRDD[40] at reduceByKey at Partition.scala:51), which is now runnable
19/10/28 21:19:24 INFO MemoryStore: ensureFreeSpace(2280) called with curMem=267975, maxMem=555755765
19/10/28 21:19:24 INFO MemoryStore: Block broadcast_14 stored as values in memory (estimated size 2.2 KB, free 529.8 MB)
19/10/28 21:19:24 INFO MemoryStore: ensureFreeSpace(1369) called with curMem=270255, maxMem=555755765
19/10/28 21:19:24 INFO MemoryStore: Block broadcast_14_piece0 stored as bytes in memory (estimated size 1369.0 B, free 529.8 MB)
19/10/28 21:19:24 INFO BlockManagerInfo: Added broadcast_14_piece0 in memory on localhost:33930 (size: 1369.0 B, free: 530.0 MB)
19/10/28 21:19:24 INFO SparkContext: Created broadcast 14 from broadcast at DAGScheduler.scala:861
19/10/28 21:19:24 INFO DAGScheduler: Submitting 2 missing tasks from ResultStage 13 (ShuffledRDD[40] at reduceByKey at Partition.scala:51)
19/10/28 21:19:24 INFO TaskSchedulerImpl: Adding task set 13.0 with 2 tasks
19/10/28 21:19:24 INFO TaskSetManager: Starting task 0.0 in stage 13.0 (TID 26, localhost, PROCESS_LOCAL, 1957 bytes)
19/10/28 21:19:24 INFO TaskSetManager: Starting task 1.0 in stage 13.0 (TID 27, localhost, PROCESS_LOCAL, 1957 bytes)
19/10/28 21:19:24 INFO Executor: Running task 1.0 in stage 13.0 (TID 27)
19/10/28 21:19:24 INFO ShuffleBlockFetcherIterator: Getting 2 non-empty blocks out of 2 blocks
19/10/28 21:19:24 INFO ShuffleBlockFetcherIterator: Started 0 remote fetches in 0 ms
19/10/28 21:19:24 INFO Executor: Finished task 1.0 in stage 13.0 (TID 27). 1472 bytes result sent to driver
19/10/28 21:19:24 INFO Executor: Running task 0.0 in stage 13.0 (TID 26)
19/10/28 21:19:24 INFO TaskSetManager: Finished task 1.0 in stage 13.0 (TID 27) in 6 ms on localhost (1/2)
19/10/28 21:19:24 INFO ShuffleBlockFetcherIterator: Getting 2 non-empty blocks out of 2 blocks
19/10/28 21:19:24 INFO ShuffleBlockFetcherIterator: Started 0 remote fetches in 0 ms
19/10/28 21:19:24 INFO Executor: Finished task 0.0 in stage 13.0 (TID 26). 1472 bytes result sent to driver
19/10/28 21:19:24 INFO TaskSetManager: Finished task 0.0 in stage 13.0 (TID 26) in 15 ms on localhost (2/2)
19/10/28 21:19:24 INFO TaskSchedulerImpl: Removed TaskSet 13.0, whose tasks have all completed, from pool 
19/10/28 21:19:24 INFO DAGScheduler: ResultStage 13 (collect at Partition.scala:52) finished in 0.010 s
19/10/28 21:19:24 INFO DAGScheduler: Job 0 finished: collect at Partition.scala:52, took 1.624890 s
(100,9)
(112,12)
(106,10)
(90,4)
(88,4)
(101,1)
(97,11)
(105,2)
(75,10)
(67,1)
19/10/28 21:19:24 INFO SparkUI: Stopped Spark web UI at http://198.202.112.86:4040
19/10/28 21:19:24 INFO DAGScheduler: Stopping DAGScheduler
19/10/28 21:19:24 INFO MapOutputTrackerMasterEndpoint: MapOutputTrackerMasterEndpoint stopped!
19/10/28 21:19:24 INFO MemoryStore: MemoryStore cleared
19/10/28 21:19:24 INFO BlockManager: BlockManager stopped
19/10/28 21:19:24 INFO BlockManagerMaster: BlockManagerMaster stopped
19/10/28 21:19:24 INFO SparkContext: Successfully stopped SparkContext
19/10/28 21:19:24 INFO OutputCommitCoordinator$OutputCommitCoordinatorEndpoint: OutputCommitCoordinator stopped!
19/10/28 21:19:24 INFO ShutdownHookManager: Shutdown hook called
19/10/28 21:19:24 INFO ShutdownHookManager: Deleting directory /tmp/spark-a23c7e25-c33d-4e1f-8a84-4c801155d9d8
